<SessionReport version="2" startTime="0" startTimestamp="Aug 16, 2020 01:34:20.598" key="/library/metadata/37" session="rwgzm13oqwif30adcz2txif2" transcode="gwaxke9fv1jpg1889f15b6t7">
<User id="1" thumb="https://plex.tv/users/a5cf3506c44b3df1/avatar?c=1560570336" title="xywgo" />
<Player address="119.123.176.8" device="" machineIdentifier="uz3i1zpuwffao1ofjb0j8nay" model="standalone" platform="osx" platformVersion="10.15" product="Plex for Mac" remotePublicAddress="119.123.176.8" state="" title="iMac" vendor="" version="1.16.0.1364-da192ff7" local="0" relayed="0" secure="0" userID="1" />
<Variants>
<Variant id="4e54adc5-e7c2-4a29-bf8c-923bb88677a8" targetBitrate="10656" context="streaming" sourceVideoCodec="hevc" sourceAudioCodec="aac" videoDecision="copy" audioDecision="copy" protocol="http" container="mkv" videoCodec="hevc" audioCodec="*" audioChannels="2" transcodeHwRequested="0" transcodeHwFullPipeline="0">
<Media audioProfile="lc" id="33" videoProfile="main" audioChannels="2" audioCodec="*" bitrate="5074" container="mkv" duration="8177860" height="2160" videoCodec="hevc" videoFrameRate="PAL" videoResolution="4K" width="3840" selected="1">
<Part audioProfile="lc" id="33" videoProfile="main" bitrate="5074" container="mkv" duration="4078144" height="2160" width="3840" decision="transcode" selected="1">
<Stream bitrate="4943" codec="hevc" codedHeight="2160" codedWidth="3840" default="1" displayTitle="4K (HEVC Main)" extendedDisplayTitle="4K (HEVC Main)" frameRate="25" height="2160" id="65" streamType="1" width="3840" decision="copy" location="direct" />
<Stream bitrate="131" bitrateMode="cbr" channels="2" codec="*" default="1" displayTitle="Unknown (AAC Stereo)" extendedDisplayTitle="Unknown (AAC Stereo)" id="66" selected="1" streamType="2" decision="copy" location="direct" />
</Part>
<Part audioProfile="lc" id="34" videoProfile="main" bitrate="5044" container="mkv" duration="4099716" height="2160" width="3840" decision="transcode">
<Stream bitrate="4913" codec="hevc" codedHeight="2160" codedWidth="3840" default="1" displayTitle="4K (HEVC Main)" extendedDisplayTitle="4K (HEVC Main)" frameRate="25" height="2160" id="69" streamType="1" width="3840" decision="copy" location="direct" />
<Stream bitrate="131" bitrateMode="cbr" channels="2" codec="*" default="1" displayTitle="Unknown (AAC Stereo)" extendedDisplayTitle="Unknown (AAC Stereo)" id="70" selected="1" streamType="2" decision="copy" location="direct" />
</Part>
</Media>
</Variant>
</Variants>
<SegmentList>
<Segment duration="4840" startOffset="0" endOffset="4840">
<File name="chunk-00000" type="av">
<FileVariant size="555254" variant="4e54adc5-e7c2-4a29-bf8c-923bb88677a8" />
</File>
<Timelines>
<Transcode startTime="61" endTime="70" complete="1" fileType="av" variant="4e54adc5-e7c2-4a29-bf8c-923bb88677a8" />
</Timelines>
</Segment>
<Segment duration="9000" startOffset="5000" endOffset="14000">
<File name="chunk-00001" type="av">
<FileVariant size="5808801" variant="4e54adc5-e7c2-4a29-bf8c-923bb88677a8" />
</File>
<Timelines>
<Transcode startTime="70" endTime="96" complete="1" fileType="av" variant="4e54adc5-e7c2-4a29-bf8c-923bb88677a8" />
</Timelines>
</Segment>
<Segment duration="6440" startOffset="14000" endOffset="20440">
<File name="chunk-00002" type="av">
<FileVariant size="3500311" variant="4e54adc5-e7c2-4a29-bf8c-923bb88677a8" />
</File>
<Timelines>
<Transcode startTime="96" endTime="117" complete="1" fileType="av" variant="4e54adc5-e7c2-4a29-bf8c-923bb88677a8" />
</Timelines>
</Segment>
<Segment duration="4520" startOffset="20440" endOffset="24960">
<File name="chunk-00003" type="av">
<FileVariant size="2035695" variant="4e54adc5-e7c2-4a29-bf8c-923bb88677a8" />
</File>
<Timelines>
<Transcode startTime="117" endTime="127" complete="1" fileType="av" variant="4e54adc5-e7c2-4a29-bf8c-923bb88677a8" />
</Timelines>
</Segment>
<Segment duration="9000" startOffset="25240" endOffset="34240">
<File name="chunk-00004" type="av">
<FileVariant size="5015988" variant="4e54adc5-e7c2-4a29-bf8c-923bb88677a8" />
</File>
<Timelines>
<Transcode startTime="127" endTime="151" complete="1" fileType="av" variant="4e54adc5-e7c2-4a29-bf8c-923bb88677a8" />
</Timelines>
</Segment>
<Segment duration="4519" startOffset="34240" endOffset="38760">
<File name="chunk-00005" type="av">
<FileVariant size="2995987" variant="4e54adc5-e7c2-4a29-bf8c-923bb88677a8" />
</File>
<Timelines>
<Transcode startTime="151" endTime="161" complete="1" fileType="av" variant="4e54adc5-e7c2-4a29-bf8c-923bb88677a8" />
</Timelines>
</Segment>
<Segment duration="4520" startOffset="39040" endOffset="43560">
<File name="chunk-00006" type="av">
<FileVariant size="2646922" variant="4e54adc5-e7c2-4a29-bf8c-923bb88677a8" />
</File>
<Timelines>
<Transcode startTime="161" endTime="172" complete="1" fileType="av" variant="4e54adc5-e7c2-4a29-bf8c-923bb88677a8" />
</Timelines>
</Segment>
<Segment duration="6680" startOffset="43640" endOffset="50320">
<File name="chunk-00007" type="av">
<FileVariant size="7082370" variant="4e54adc5-e7c2-4a29-bf8c-923bb88677a8" />
</File>
<Timelines>
<Transcode startTime="172" endTime="196" complete="1" fileType="av" variant="4e54adc5-e7c2-4a29-bf8c-923bb88677a8" />
</Timelines>
</Segment>
<Segment duration="1320" startOffset="50440" endOffset="51760">
<File name="chunk-00008" type="av">
<FileVariant size="1125272" variant="4e54adc5-e7c2-4a29-bf8c-923bb88677a8" />
</File>
<Timelines>
<Transcode startTime="196" endTime="201" complete="1" fileType="av" variant="4e54adc5-e7c2-4a29-bf8c-923bb88677a8" />
</Timelines>
</Segment>
<Segment duration="8680" startOffset="51760" endOffset="60440">
<File name="chunk-00009" type="av">
<FileVariant size="6197939" variant="4e54adc5-e7c2-4a29-bf8c-923bb88677a8" />
</File>
<Timelines>
<Transcode startTime="201" endTime="232" complete="1" fileType="av" variant="4e54adc5-e7c2-4a29-bf8c-923bb88677a8" />
</Timelines>
</Segment>
<Segment duration="9000" startOffset="60480" endOffset="69480">
<File name="chunk-00010" type="av">
<FileVariant size="4688560" variant="4e54adc5-e7c2-4a29-bf8c-923bb88677a8" />
</File>
<Timelines>
<Transcode startTime="232" endTime="257" complete="1" fileType="av" variant="4e54adc5-e7c2-4a29-bf8c-923bb88677a8" />
</Timelines>
</Segment>
<Segment duration="1959" startOffset="69480" endOffset="71440">
<File name="chunk-00011" type="av">
<FileVariant size="1268062" variant="4e54adc5-e7c2-4a29-bf8c-923bb88677a8" />
</File>
<Timelines>
<Transcode startTime="257" endTime="264" complete="1" fileType="av" variant="4e54adc5-e7c2-4a29-bf8c-923bb88677a8" />
</Timelines>
</Segment>
<Segment duration="4840" startOffset="71720" endOffset="76560">
<File name="chunk-00012" type="av">
<FileVariant size="2102569" variant="4e54adc5-e7c2-4a29-bf8c-923bb88677a8" />
</File>
<Timelines>
<Transcode startTime="264" endTime="273" complete="1" fileType="av" variant="4e54adc5-e7c2-4a29-bf8c-923bb88677a8" />
</Timelines>
</Segment>
<Segment duration="9000" startOffset="76760" endOffset="85760">
<File name="chunk-00013" type="av">
<FileVariant size="4396811" variant="4e54adc5-e7c2-4a29-bf8c-923bb88677a8" />
</File>
<Timelines>
<Transcode startTime="273" endTime="297" complete="1" fileType="av" variant="4e54adc5-e7c2-4a29-bf8c-923bb88677a8" />
</Timelines>
</Segment>
<Segment duration="9000" startOffset="85760" endOffset="94760">
<File name="chunk-00014" type="av">
<FileVariant size="4797807" variant="4e54adc5-e7c2-4a29-bf8c-923bb88677a8" />
</File>
<Timelines>
<Transcode startTime="297" endTime="317" complete="1" fileType="av" variant="4e54adc5-e7c2-4a29-bf8c-923bb88677a8" />
</Timelines>
</Segment>
<Segment duration="9000" startOffset="94760" endOffset="103760">
<File name="chunk-00015" type="av">
<FileVariant size="5038682" variant="4e54adc5-e7c2-4a29-bf8c-923bb88677a8" />
</File>
<Timelines>
<Transcode startTime="317" endTime="335" complete="1" fileType="av" variant="4e54adc5-e7c2-4a29-bf8c-923bb88677a8" />
</Timelines>
</Segment>
<Segment duration="9000" startOffset="103760" endOffset="112760">
<File name="chunk-00016" type="av">
<FileVariant size="4520486" variant="4e54adc5-e7c2-4a29-bf8c-923bb88677a8" />
</File>
<Timelines>
<Transcode startTime="335" endTime="360" complete="1" fileType="av" variant="4e54adc5-e7c2-4a29-bf8c-923bb88677a8" />
</Timelines>
</Segment>
<Segment duration="4839" startOffset="112760" endOffset="117600">
<File name="chunk-00017" type="av">
<FileVariant size="2681074" variant="4e54adc5-e7c2-4a29-bf8c-923bb88677a8" />
</File>
<Timelines>
<Transcode startTime="360" endTime="372" complete="1" fileType="av" variant="4e54adc5-e7c2-4a29-bf8c-923bb88677a8" />
</Timelines>
</Segment>
<Segment duration="1000" startOffset="117840" endOffset="118840">
<File name="chunk-00018" type="av">
<FileVariant size="801753" variant="4e54adc5-e7c2-4a29-bf8c-923bb88677a8" />
</File>
<Timelines>
<Transcode startTime="372" endTime="380" complete="1" fileType="av" variant="4e54adc5-e7c2-4a29-bf8c-923bb88677a8" />
</Timelines>
</Segment>
<Segment duration="2920" startOffset="119120" endOffset="122040">
<File name="chunk-00019" type="av">
<FileVariant size="2387271" variant="4e54adc5-e7c2-4a29-bf8c-923bb88677a8" />
</File>
<Timelines>
<Transcode startTime="380" endTime="431" complete="1" fileType="av" variant="4e54adc5-e7c2-4a29-bf8c-923bb88677a8" />
</Timelines>
</Segment>
<Segment duration="1959" startOffset="122200" endOffset="124160">
<File name="chunk-00020" type="av">
<FileVariant size="1548165" variant="4e54adc5-e7c2-4a29-bf8c-923bb88677a8" />
</File>
<Timelines>
<Transcode startTime="431" endTime="446" complete="1" fileType="av" variant="4e54adc5-e7c2-4a29-bf8c-923bb88677a8" />
</Timelines>
</Segment>
<Segment duration="1319" startOffset="124400" endOffset="125720">
<File name="chunk-00021" type="av">
<FileVariant size="904023" variant="4e54adc5-e7c2-4a29-bf8c-923bb88677a8" />
</File>
<Timelines>
<Transcode startTime="446" endTime="453" complete="1" fileType="av" variant="4e54adc5-e7c2-4a29-bf8c-923bb88677a8" />
</Timelines>
</Segment>
<Segment duration="8999" startOffset="125920" endOffset="134920">
<File name="chunk-00022" type="av">
<FileVariant size="5713733" variant="4e54adc5-e7c2-4a29-bf8c-923bb88677a8" />
</File>
<Timelines>
<Transcode startTime="453" endTime="476" complete="1" fileType="av" variant="4e54adc5-e7c2-4a29-bf8c-923bb88677a8" />
</Timelines>
</Segment>
<Segment duration="2920" startOffset="134920" endOffset="137840">
<File name="chunk-00023" type="av">
<FileVariant size="1551298" variant="4e54adc5-e7c2-4a29-bf8c-923bb88677a8" />
</File>
<Timelines>
<Transcode startTime="476" endTime="483" complete="1" fileType="av" variant="4e54adc5-e7c2-4a29-bf8c-923bb88677a8" />
</Timelines>
</Segment>
<Segment duration="1639" startOffset="137840" endOffset="139480">
<File name="chunk-00024" type="av">
<FileVariant size="1232950" variant="4e54adc5-e7c2-4a29-bf8c-923bb88677a8" />
</File>
<Timelines>
<Transcode startTime="483" endTime="490" complete="1" fileType="av" variant="4e54adc5-e7c2-4a29-bf8c-923bb88677a8" />
</Timelines>
</Segment>
<Segment duration="1000" startOffset="139560" endOffset="140560">
<File name="chunk-00025" type="av">
<FileVariant size="698989" variant="4e54adc5-e7c2-4a29-bf8c-923bb88677a8" />
</File>
<Timelines>
<Transcode startTime="490" endTime="494" complete="1" fileType="av" variant="4e54adc5-e7c2-4a29-bf8c-923bb88677a8" />
</Timelines>
</Segment>
<Segment duration="2280" startOffset="140720" endOffset="143000">
<File name="chunk-00026" type="av">
<FileVariant size="1855154" variant="4e54adc5-e7c2-4a29-bf8c-923bb88677a8" />
</File>
<Timelines>
<Transcode startTime="494" endTime="503" complete="1" fileType="av" variant="4e54adc5-e7c2-4a29-bf8c-923bb88677a8" />
</Timelines>
</Segment>
<Segment duration="4200" startOffset="143160" endOffset="147360">
<File name="chunk-00027" type="av">
<FileVariant size="3514577" variant="4e54adc5-e7c2-4a29-bf8c-923bb88677a8" />
</File>
<Timelines>
<Transcode startTime="503" endTime="523" complete="1" fileType="av" variant="4e54adc5-e7c2-4a29-bf8c-923bb88677a8" />
</Timelines>
</Segment>
<Segment duration="1639" startOffset="147400" endOffset="149040">
<File name="chunk-00028" type="av">
<FileVariant size="1341807" variant="4e54adc5-e7c2-4a29-bf8c-923bb88677a8" />
</File>
<Timelines>
<Transcode startTime="523" endTime="533" complete="1" fileType="av" variant="4e54adc5-e7c2-4a29-bf8c-923bb88677a8" />
</Timelines>
</Segment>
<Segment duration="1640" startOffset="149040" endOffset="150680">
<File name="chunk-00029" type="av">
<FileVariant size="1246078" variant="4e54adc5-e7c2-4a29-bf8c-923bb88677a8" />
</File>
<Timelines>
<Transcode startTime="533" endTime="540" complete="1" fileType="av" variant="4e54adc5-e7c2-4a29-bf8c-923bb88677a8" />
</Timelines>
</Segment>
<Segment duration="3879" startOffset="150960" endOffset="154840">
<File name="chunk-00030" type="av">
<FileVariant size="2135681" variant="4e54adc5-e7c2-4a29-bf8c-923bb88677a8" />
</File>
<Timelines>
<Transcode startTime="540" endTime="551" complete="1" fileType="av" variant="4e54adc5-e7c2-4a29-bf8c-923bb88677a8" />
</Timelines>
</Segment>
<Segment duration="3879" startOffset="154840" endOffset="158720">
<File name="chunk-00031" type="av">
<FileVariant size="2525576" variant="4e54adc5-e7c2-4a29-bf8c-923bb88677a8" />
</File>
<Timelines>
<Transcode startTime="551" endTime="565" complete="1" fileType="av" variant="4e54adc5-e7c2-4a29-bf8c-923bb88677a8" />
</Timelines>
</Segment>
<Segment duration="1319" startOffset="159000" endOffset="160320">
<File name="chunk-00032" type="av">
<FileVariant size="1634925" variant="4e54adc5-e7c2-4a29-bf8c-923bb88677a8" />
</File>
<Timelines>
<Transcode startTime="565" endTime="11422" complete="1" fileType="av" variant="4e54adc5-e7c2-4a29-bf8c-923bb88677a8" />
</Timelines>
</Segment>
<Segment duration="3560" startOffset="160520" endOffset="164080">
<File name="chunk-00033" type="av">
<FileVariant size="2785737" variant="4e54adc5-e7c2-4a29-bf8c-923bb88677a8" />
</File>
<Timelines>
<Transcode startTime="11422" endTime="37147" complete="1" fileType="av" variant="4e54adc5-e7c2-4a29-bf8c-923bb88677a8" />
</Timelines>
</Segment>
<Segment duration="1000" startOffset="164120" endOffset="165120">
<File name="chunk-00034" type="av">
<FileVariant size="950036" variant="4e54adc5-e7c2-4a29-bf8c-923bb88677a8" />
</File>
<Timelines>
<Transcode startTime="37147" endTime="44187" complete="1" fileType="av" variant="4e54adc5-e7c2-4a29-bf8c-923bb88677a8" />
</Timelines>
</Segment>
<Segment duration="9000" startOffset="165120" endOffset="174120">
<File name="chunk-00035" type="av">
<FileVariant size="6101488" variant="4e54adc5-e7c2-4a29-bf8c-923bb88677a8" />
</File>
<Timelines>
<Transcode startTime="44187" endTime="86097" complete="1" fileType="av" variant="4e54adc5-e7c2-4a29-bf8c-923bb88677a8" />
</Timelines>
</Segment>
<Segment duration="9000" startOffset="174120" endOffset="183120">
<File name="chunk-00036" type="av">
<FileVariant size="6041953" variant="4e54adc5-e7c2-4a29-bf8c-923bb88677a8" />
</File>
<Timelines>
<Transcode startTime="86097" endTime="86118" complete="1" fileType="av" variant="4e54adc5-e7c2-4a29-bf8c-923bb88677a8" />
</Timelines>
</Segment>
<Segment duration="3560" startOffset="183120" endOffset="186680">
<File name="chunk-00037" type="av">
<FileVariant size="2357104" variant="4e54adc5-e7c2-4a29-bf8c-923bb88677a8" />
</File>
<Timelines>
<Transcode startTime="86118" endTime="86126" complete="1" fileType="av" variant="4e54adc5-e7c2-4a29-bf8c-923bb88677a8" />
</Timelines>
</Segment>
<Segment duration="9000" startOffset="186800" endOffset="195800">
<File name="chunk-00038" type="av">
<FileVariant size="7214414" variant="4e54adc5-e7c2-4a29-bf8c-923bb88677a8" />
</File>
<Timelines>
<Transcode startTime="86126" endTime="86151" complete="1" fileType="av" variant="4e54adc5-e7c2-4a29-bf8c-923bb88677a8" />
</Timelines>
</Segment>
<Segment duration="9000" startOffset="195800" endOffset="204800">
<File name="chunk-00039" type="av">
<FileVariant size="7467727" variant="4e54adc5-e7c2-4a29-bf8c-923bb88677a8" />
</File>
<Timelines>
<Transcode startTime="86151" endTime="86178" complete="1" fileType="av" variant="4e54adc5-e7c2-4a29-bf8c-923bb88677a8" />
</Timelines>
</Segment>
<Segment duration="7079" startOffset="204800" endOffset="211880">
<File name="chunk-00040" type="av">
<FileVariant size="3559277" variant="4e54adc5-e7c2-4a29-bf8c-923bb88677a8" />
</File>
<Timelines>
<Transcode startTime="86178" endTime="86192" complete="1" fileType="av" variant="4e54adc5-e7c2-4a29-bf8c-923bb88677a8" />
</Timelines>
</Segment>
<Segment duration="9000" startOffset="212120" endOffset="221120">
<File name="chunk-00041" type="av">
<FileVariant size="4952068" variant="4e54adc5-e7c2-4a29-bf8c-923bb88677a8" />
</File>
<Timelines>
<Transcode startTime="86192" endTime="86209" complete="1" fileType="av" variant="4e54adc5-e7c2-4a29-bf8c-923bb88677a8" />
</Timelines>
</Segment>
<Segment duration="8680" startOffset="221120" endOffset="229800">
<File name="chunk-00042" type="av">
<FileVariant size="5023181" variant="4e54adc5-e7c2-4a29-bf8c-923bb88677a8" />
</File>
<Timelines>
<Transcode startTime="86209" endTime="86229" complete="1" fileType="av" variant="4e54adc5-e7c2-4a29-bf8c-923bb88677a8" />
</Timelines>
</Segment>
<Segment duration="1319" startOffset="229800" endOffset="231120">
<File name="chunk-00043" type="av">
<FileVariant size="914607" variant="4e54adc5-e7c2-4a29-bf8c-923bb88677a8" />
</File>
<Timelines>
<Transcode startTime="86229" endTime="86233" complete="1" fileType="av" variant="4e54adc5-e7c2-4a29-bf8c-923bb88677a8" />
</Timelines>
</Segment>
<Segment duration="9000" startOffset="231360" endOffset="240360">
<File name="chunk-00044" type="av">
<FileVariant size="5521339" variant="4e54adc5-e7c2-4a29-bf8c-923bb88677a8" />
</File>
<Timelines>
<Transcode startTime="86233" endTime="86250" complete="1" fileType="av" variant="4e54adc5-e7c2-4a29-bf8c-923bb88677a8" />
</Timelines>
</Segment>
<Segment duration="6439" startOffset="240360" endOffset="246800">
<File name="chunk-00045" type="av">
<FileVariant size="4276150" variant="4e54adc5-e7c2-4a29-bf8c-923bb88677a8" />
</File>
<Timelines>
<Transcode startTime="86250" endTime="86268" complete="1" fileType="av" variant="4e54adc5-e7c2-4a29-bf8c-923bb88677a8" />
</Timelines>
</Segment>
<Segment duration="1960" startOffset="247000" endOffset="248960">
<File name="chunk-00046" type="av">
<FileVariant size="1010073" variant="4e54adc5-e7c2-4a29-bf8c-923bb88677a8" />
</File>
<Timelines>
<Transcode startTime="86268" endTime="86274" complete="1" fileType="av" variant="4e54adc5-e7c2-4a29-bf8c-923bb88677a8" />
</Timelines>
</Segment>
<Segment duration="4840" startOffset="248960" endOffset="253800">
<File name="chunk-00047" type="av">
<FileVariant size="3345511" variant="4e54adc5-e7c2-4a29-bf8c-923bb88677a8" />
</File>
<Timelines>
<Transcode startTime="86274" endTime="86288" complete="1" fileType="av" variant="4e54adc5-e7c2-4a29-bf8c-923bb88677a8" />
</Timelines>
</Segment>
<Segment duration="2479" startOffset="254080" endOffset="256560">
<File name="chunk-00048" type="av">
<FileVariant size="2040739" variant="4e54adc5-e7c2-4a29-bf8c-923bb88677a8" />
</File>
<Timelines>
<Transcode startTime="86288" endTime="86295" complete="1" fileType="av" variant="4e54adc5-e7c2-4a29-bf8c-923bb88677a8" />
</Timelines>
</Segment>
<Segment duration="9000" startOffset="256640" endOffset="265640">
<File name="chunk-00049" type="av">
<FileVariant size="7012572" variant="4e54adc5-e7c2-4a29-bf8c-923bb88677a8" />
</File>
<Timelines>
<Transcode startTime="86295" endTime="86317" complete="1" fileType="av" variant="4e54adc5-e7c2-4a29-bf8c-923bb88677a8" />
</Timelines>
</Segment>
<Segment duration="6120" startOffset="265640" endOffset="271760">
<File name="chunk-00050" type="av">
<FileVariant size="4456431" variant="4e54adc5-e7c2-4a29-bf8c-923bb88677a8" />
</File>
<Timelines>
<Transcode startTime="86317" endTime="86330" complete="1" fileType="av" variant="4e54adc5-e7c2-4a29-bf8c-923bb88677a8" />
</Timelines>
</Segment>
<Segment duration="2600" startOffset="271840" endOffset="274440">
<File name="chunk-00051" type="av">
<FileVariant size="3014650" variant="4e54adc5-e7c2-4a29-bf8c-923bb88677a8" />
</File>
<Timelines>
<Transcode startTime="86330" endTime="86338" complete="1" fileType="av" variant="4e54adc5-e7c2-4a29-bf8c-923bb88677a8" />
</Timelines>
</Segment>
<Segment duration="1959" startOffset="274720" endOffset="276680">
<File name="chunk-00052" type="av">
<FileVariant size="1542312" variant="4e54adc5-e7c2-4a29-bf8c-923bb88677a8" />
</File>
<Timelines>
<Transcode startTime="86338" endTime="86343" complete="1" fileType="av" variant="4e54adc5-e7c2-4a29-bf8c-923bb88677a8" />
</Timelines>
</Segment>
<Segment duration="9000" startOffset="276880" endOffset="285880">
<File name="chunk-00053" type="av">
<FileVariant size="6144296" variant="4e54adc5-e7c2-4a29-bf8c-923bb88677a8" />
</File>
<Timelines>
<Transcode startTime="86343" endTime="86364" complete="1" fileType="av" variant="4e54adc5-e7c2-4a29-bf8c-923bb88677a8" />
</Timelines>
</Segment>
<Segment duration="3240" startOffset="285880" endOffset="289120">
<File name="chunk-00054" type="av">
<FileVariant size="1852321" variant="4e54adc5-e7c2-4a29-bf8c-923bb88677a8" />
</File>
<Timelines>
<Transcode startTime="86364" endTime="86380" complete="1" fileType="av" variant="4e54adc5-e7c2-4a29-bf8c-923bb88677a8" />
</Timelines>
</Segment>
<Segment duration="5480" startOffset="289400" endOffset="294880">
<File name="chunk-00055" type="av">
<FileVariant size="3096657" variant="4e54adc5-e7c2-4a29-bf8c-923bb88677a8" />
</File>
<Timelines>
<Transcode startTime="86380" endTime="86391" complete="1" fileType="av" variant="4e54adc5-e7c2-4a29-bf8c-923bb88677a8" />
</Timelines>
</Segment>
<Segment duration="2600" startOffset="294960" endOffset="297560">
<File name="chunk-00056" type="av">
<FileVariant size="1734408" variant="4e54adc5-e7c2-4a29-bf8c-923bb88677a8" />
</File>
<Timelines>
<Transcode startTime="86391" endTime="86403" complete="1" fileType="av" variant="4e54adc5-e7c2-4a29-bf8c-923bb88677a8" />
</Timelines>
</Segment>
<Segment duration="2280" startOffset="297760" endOffset="300040">
<File name="chunk-00057" type="av">
<FileVariant size="1704637" variant="4e54adc5-e7c2-4a29-bf8c-923bb88677a8" />
</File>
<Timelines>
<Transcode startTime="86403" endTime="86412" complete="1" fileType="av" variant="4e54adc5-e7c2-4a29-bf8c-923bb88677a8" />
</Timelines>
</Segment>
<Segment duration="2919" startOffset="300040" endOffset="302960">
<File name="chunk-00058" type="av">
<FileVariant size="2247963" variant="4e54adc5-e7c2-4a29-bf8c-923bb88677a8" />
</File>
<Timelines>
<Transcode startTime="86412" endTime="86422" complete="1" fileType="av" variant="4e54adc5-e7c2-4a29-bf8c-923bb88677a8" />
</Timelines>
</Segment>
<Segment duration="3239" startOffset="303040" endOffset="306280">
<File name="chunk-00059" type="av">
<FileVariant size="2267720" variant="4e54adc5-e7c2-4a29-bf8c-923bb88677a8" />
</File>
<Timelines>
<Transcode startTime="86422" endTime="86432" complete="1" fileType="av" variant="4e54adc5-e7c2-4a29-bf8c-923bb88677a8" />
</Timelines>
</Segment>
<Segment duration="1320" startOffset="306280" endOffset="307600">
<File name="chunk-00060" type="av">
<FileVariant size="1177086" variant="4e54adc5-e7c2-4a29-bf8c-923bb88677a8" />
</File>
<Timelines>
<Transcode startTime="86432" endTime="86437" complete="1" fileType="av" variant="4e54adc5-e7c2-4a29-bf8c-923bb88677a8" />
</Timelines>
</Segment>
<Segment duration="4199" startOffset="307640" endOffset="311840">
<File name="chunk-00061" type="av">
<FileVariant size="2932327" variant="4e54adc5-e7c2-4a29-bf8c-923bb88677a8" />
</File>
<Timelines>
<Transcode startTime="86437" endTime="86453" complete="1" fileType="av" variant="4e54adc5-e7c2-4a29-bf8c-923bb88677a8" />
</Timelines>
</Segment>
<Segment duration="2600" startOffset="311840" endOffset="314440">
<File name="chunk-00062" type="av">
<FileVariant size="1846206" variant="4e54adc5-e7c2-4a29-bf8c-923bb88677a8" />
</File>
<Timelines>
<Transcode startTime="86453" endTime="86463" complete="1" fileType="av" variant="4e54adc5-e7c2-4a29-bf8c-923bb88677a8" />
</Timelines>
</Segment>
<Segment duration="9000" startOffset="314600" endOffset="323600">
<File name="chunk-00063" type="av">
<FileVariant size="5578529" variant="4e54adc5-e7c2-4a29-bf8c-923bb88677a8" />
</File>
<Timelines>
<Transcode startTime="86463" endTime="94943" complete="1" fileType="av" variant="4e54adc5-e7c2-4a29-bf8c-923bb88677a8" />
</Timelines>
</Segment>
</SegmentList>
<PlaybackReports>
<Playback startTime="6857" endTime="10026" state="playing" progress="0" />
<Playback startTime="10026" endTime="13350" state="playing" progress="2000" />
<Playback startTime="13350" endTime="17422" state="buffering" progress="5000" />
<Playback startTime="17422" endTime="20032" state="playing" progress="5000" />
<Playback startTime="20032" endTime="20187" state="playing" progress="8000" />
<Playback startTime="20187" endTime="22498" state="buffering" progress="8000" />
<Playback startTime="22498" endTime="30042" state="playing" progress="8000" />
<Playback startTime="30042" endTime="31958" state="playing" progress="15000" />
<Playback startTime="31958" endTime="33660" state="buffering" progress="16000" />
<Playback startTime="33660" endTime="40031" state="playing" progress="16000" />
<Playback startTime="40031" endTime="50041" state="playing" progress="22000" />
<Playback startTime="50041" endTime="60032" state="playing" progress="32000" />
<Playback startTime="60032" endTime="70033" state="playing" progress="42000" />
<Playback startTime="70033" endTime="80114" state="playing" progress="52000" />
<Playback startTime="80114" endTime="90048" state="playing" progress="62000" />
<Playback startTime="90048" endTime="100036" state="playing" progress="72000" />
<Playback startTime="100036" endTime="110044" state="playing" progress="82000" />
<Playback startTime="110044" endTime="120042" state="playing" progress="92000" />
<Playback startTime="120042" endTime="127716" state="playing" progress="102000" />
</PlaybackReports>
<StateReports />
<StateReports type="sloth">
<State startTime="566" endTime="86089" slothMode="1" />
<State startTime="86089" endTime="86490" slothMode="0" />
<State startTime="86490" endTime="127716" slothMode="1" />
</StateReports>
</SessionReport>
