Aug 16, 2020 02:00:58.918 [0x7f98f89fe700] INFO - Plex Media Scanner v1.19.5.3112-b23ab3896 - Docker Docker Container (LinuxServer.io) x86_64 - build: linux-x86_64 - GMT 00:00
Aug 16, 2020 02:00:58.918 [0x7f98f89fe700] INFO - Linux version: 4.15.0-112-generic, language: en-US
Aug 16, 2020 02:00:58.918 [0x7f98f89fe700] INFO - Processor AMD Ryzen 9 3900X 12-Core Processor            
Aug 16, 2020 02:00:58.918 [0x7f98f89fe700] INFO - /usr/lib/plexmediaserver/Plex Media Scanner --analyze-deeply --item 42 --log-file-suffix  Deep Analysis
Aug 16, 2020 02:00:58.930 [0x7f990114a300] DEBUG - Opening 20 database sessions to library (com.plexapp.plugins.library), SQLite 3.26.0, threadsafe=1
Aug 16, 2020 02:00:59.035 [0x7f990114a300] DEBUG - [MI] Opening input file: "/media/tv/online/乐队的夏天.The.Big.Band.2020.S02.2160p.WEB-DL.H265.AAC-FLTTH/乐队的夏天.The.Big.Band.2020.S02E06.2160p.WEB-DL.H265.AAC-FLTTH.mp4"
Aug 16, 2020 02:00:59.036 [0x7f990114a300] DEBUG - [FFMPEG] - Opening '/media/tv/online/乐队的夏天.The.Big.Band.2020.S02.2160p.WEB-DL.H265.AAC-FLTTH/乐队的夏天.The.Big.Band.2020.S02E06.2160p.WEB-DL.H265.AAC-FLTTH.mp4' for reading
Aug 16, 2020 02:00:59.036 [0x7f990114a300] DEBUG - [FFMPEG] - Setting default whitelist 'file,crypto'
Aug 16, 2020 02:00:59.038 [0x7f990114a300] DEBUG - [FFMPEG] - Format mov,mp4,m4a,3gp,3g2,mj2 probed with size=2048 and score=100
Aug 16, 2020 02:00:59.038 [0x7f990114a300] DEBUG - [FFMPEG] - ISO: File Type Major Brand: isom
Aug 16, 2020 02:00:59.053 [0x7f990114a300] DEBUG - [FFMPEG] - Unknown dref type 0x206c7275 size 12
Aug 16, 2020 02:00:59.070 [0x7f990114a300] DEBUG - [FFMPEG] - Processing st: 0, edit list 0 - media time: 10800, duration: 490806000
Aug 16, 2020 02:00:59.075 [0x7f990114a300] DEBUG - [FFMPEG] - Offset DTS by 10800 to make first pts zero.
Aug 16, 2020 02:00:59.076 [0x7f990114a300] DEBUG - [FFMPEG] - Unknown dref type 0x206c7275 size 12
Aug 16, 2020 02:00:59.105 [0x7f990114a300] DEBUG - [FFMPEG] - Processing st: 1, edit list 0 - media time: 0, duration: 240499747
Aug 16, 2020 02:00:59.113 [0x7f990114a300] DEBUG - [FFMPEG] - Before avformat_find_stream_info() pos: 11456689783 bytes read:5702319 seeks:1 nb_streams:2
Aug 16, 2020 02:00:59.113 [0x7f990114a300] DEBUG - [FFMPEG] - nal_unit_type: 32(VPS), nuh_layer_id: 0, temporal_id: 0
Aug 16, 2020 02:00:59.113 [0x7f990114a300] DEBUG - [FFMPEG] - Decoding VPS
Aug 16, 2020 02:00:59.114 [0x7f990114a300] DEBUG - [FFMPEG] - Main profile bitstream
Aug 16, 2020 02:00:59.114 [0x7f990114a300] DEBUG - [FFMPEG] - nal_unit_type: 33(SPS), nuh_layer_id: 0, temporal_id: 0
Aug 16, 2020 02:00:59.114 [0x7f990114a300] DEBUG - [FFMPEG] - Decoding SPS
Aug 16, 2020 02:00:59.114 [0x7f990114a300] DEBUG - [FFMPEG] - Main profile bitstream
Aug 16, 2020 02:00:59.114 [0x7f990114a300] DEBUG - [FFMPEG] - Decoding VUI
Aug 16, 2020 02:00:59.114 [0x7f990114a300] DEBUG - [FFMPEG] - nal_unit_type: 34(PPS), nuh_layer_id: 0, temporal_id: 0
Aug 16, 2020 02:00:59.114 [0x7f990114a300] DEBUG - [FFMPEG] - Decoding PPS
Aug 16, 2020 02:00:59.115 [0x7f990114a300] DEBUG - [FFMPEG] - All info found
Aug 16, 2020 02:00:59.115 [0x7f990114a300] DEBUG - [FFMPEG] - After avformat_find_stream_info() pos: 19436 bytes read:5735087 seeks:2 frames:5
Aug 16, 2020 02:00:59.954 [0x7f990114a300] DEBUG - Deep Analysis: Read 10000 packets at 146.842993
Aug 16, 2020 02:01:00.679 [0x7f990114a300] DEBUG - Deep Analysis: Read 20000 packets at 293.760000
Aug 16, 2020 02:01:01.430 [0x7f990114a300] DEBUG - Deep Analysis: Read 30000 packets at 440.680000
Aug 16, 2020 02:01:02.333 [0x7f990114a300] DEBUG - Deep Analysis: Read 40000 packets at 587.600000
Aug 16, 2020 02:01:03.092 [0x7f990114a300] DEBUG - Deep Analysis: Read 50000 packets at 734.516825
Aug 16, 2020 02:01:03.808 [0x7f990114a300] DEBUG - Deep Analysis: Read 60000 packets at 881.429478
Aug 16, 2020 02:01:04.500 [0x7f990114a300] DEBUG - Deep Analysis: Read 70000 packets at 1028.342132
Aug 16, 2020 02:01:05.240 [0x7f990114a300] DEBUG - Deep Analysis: Read 80000 packets at 1175.254785
Aug 16, 2020 02:01:06.136 [0x7f990114a300] DEBUG - Deep Analysis: Read 90000 packets at 1322.167438
Aug 16, 2020 02:01:06.935 [0x7f990114a300] DEBUG - Deep Analysis: Read 100000 packets at 1469.080091
Aug 16, 2020 02:01:07.610 [0x7f990114a300] DEBUG - Deep Analysis: Read 110000 packets at 1616.000000
Aug 16, 2020 02:01:08.406 [0x7f990114a300] DEBUG - Deep Analysis: Read 120000 packets at 1762.920000
Aug 16, 2020 02:01:09.249 [0x7f990114a300] DEBUG - Deep Analysis: Read 130000 packets at 1909.840000
Aug 16, 2020 02:01:10.040 [0x7f990114a300] DEBUG - Deep Analysis: Read 140000 packets at 2056.753923
Aug 16, 2020 02:01:10.786 [0x7f990114a300] DEBUG - Deep Analysis: Read 150000 packets at 2203.666576
Aug 16, 2020 02:01:11.522 [0x7f990114a300] DEBUG - Deep Analysis: Read 160000 packets at 2350.579229
Aug 16, 2020 02:01:12.297 [0x7f990114a300] DEBUG - Deep Analysis: Read 170000 packets at 2497.491882
Aug 16, 2020 02:01:13.117 [0x7f990114a300] DEBUG - Deep Analysis: Read 180000 packets at 2644.404535
Aug 16, 2020 02:01:13.902 [0x7f990114a300] DEBUG - Deep Analysis: Read 190000 packets at 2791.320000
Aug 16, 2020 02:01:14.720 [0x7f990114a300] DEBUG - Deep Analysis: Read 200000 packets at 2938.240000
Aug 16, 2020 02:01:15.534 [0x7f990114a300] DEBUG - Deep Analysis: Read 210000 packets at 3085.160000
Aug 16, 2020 02:01:16.298 [0x7f990114a300] DEBUG - Deep Analysis: Read 220000 packets at 3232.078367
Aug 16, 2020 02:01:17.102 [0x7f990114a300] DEBUG - Deep Analysis: Read 230000 packets at 3378.991020
Aug 16, 2020 02:01:17.820 [0x7f990114a300] DEBUG - Deep Analysis: Read 240000 packets at 3525.903673
Aug 16, 2020 02:01:18.615 [0x7f990114a300] DEBUG - Deep Analysis: Read 250000 packets at 3672.816327
Aug 16, 2020 02:01:19.424 [0x7f990114a300] DEBUG - Deep Analysis: Read 260000 packets at 3819.728980
Aug 16, 2020 02:01:20.136 [0x7f990114a300] DEBUG - Deep Analysis: Read 270000 packets at 3966.641633
Aug 16, 2020 02:01:20.868 [0x7f990114a300] DEBUG - Deep Analysis: Read 280000 packets at 4113.560000
Aug 16, 2020 02:01:21.608 [0x7f990114a300] DEBUG - Deep Analysis: Read 290000 packets at 4260.480000
Aug 16, 2020 02:01:22.311 [0x7f990114a300] DEBUG - Deep Analysis: Read 300000 packets at 4407.400000
Aug 16, 2020 02:01:22.985 [0x7f990114a300] DEBUG - Deep Analysis: Read 310000 packets at 4554.315465
Aug 16, 2020 02:01:23.637 [0x7f990114a300] DEBUG - Deep Analysis: Read 320000 packets at 4701.228118
Aug 16, 2020 02:01:24.372 [0x7f990114a300] DEBUG - Deep Analysis: Read 330000 packets at 4848.140771
Aug 16, 2020 02:01:24.857 [0x7f990114a300] DEBUG - Deep Analysis: Read 340000 packets at 4995.053424
Aug 16, 2020 02:01:25.415 [0x7f990114a300] DEBUG - Deep Analysis: Read 350000 packets at 5141.966077
Aug 16, 2020 02:01:26.168 [0x7f990114a300] DEBUG - Deep Analysis: Read 360000 packets at 5288.880000
Aug 16, 2020 02:01:26.890 [0x7f990114a300] DEBUG - Deep Analysis: Read 370000 packets at 5435.800000
Aug 16, 2020 02:01:26.924 [0x7f990114a300] DEBUG - Deep Analysis: Sorting packets
Aug 16, 2020 02:01:26.939 [0x7f990114a300] DEBUG - Deep Analysis: Performing file bitrate analysis
Aug 16, 2020 02:01:27.056 [0x7f990114a300] DEBUG - Deep Analysis: Performing stream bitrate analysis on stream 0
Aug 16, 2020 02:01:27.094 [0x7f990114a300] DEBUG - Deep Analysis: Performing stream bitrate analysis on stream 1
Aug 16, 2020 02:01:27.108 [0x7f990114a300] DEBUG - Deep Analysis: Saving GoP analysis for stream 0
Aug 16, 2020 02:01:27.110 [0x7f990114a300] DEBUG - Deep Analysis: Saving bitrate analysis
Aug 16, 2020 02:01:27.136 [0x7f990114a300] DEBUG - Updating part with ID=37 [/media/tv/online/乐队的夏天.The.Big.Band.2020.S02.2160p.WEB-DL.H265.AAC-FLTTH/乐队的夏天.The.Big.Band.2020.S02E06.2160p.WEB-DL.H265.AAC-FLTTH.mp4]
Aug 16, 2020 02:01:27.136 [0x7f990114a300] DEBUG - [MI] Closing input file: "/media/tv/online/乐队的夏天.The.Big.Band.2020.S02.2160p.WEB-DL.H265.AAC-FLTTH/乐队的夏天.The.Big.Band.2020.S02E06.2160p.WEB-DL.H265.AAC-FLTTH.mp4"
Aug 16, 2020 02:01:27.137 [0x7f990114a300] DEBUG - Updating media item 36, size=5337907200, metadata_item_id=42
Aug 16, 2020 02:01:27.138 [0x7f990114a300] DEBUG - Updating part with ID=37 [/media/tv/online/乐队的夏天.The.Big.Band.2020.S02.2160p.WEB-DL.H265.AAC-FLTTH/乐队的夏天.The.Big.Band.2020.S02E06.2160p.WEB-DL.H265.AAC-FLTTH.mp4]
