Aug 16, 2020 01:34:18.739 [0x7f8c39686700] INFO - Plex Media Scanner v1.19.5.3112-b23ab3896 - Docker Docker Container (LinuxServer.io) x86_64 - build: linux-x86_64 - GMT 00:00
Aug 16, 2020 01:34:18.739 [0x7f8c39686700] INFO - Linux version: 4.15.0-112-generic, language: en-US
Aug 16, 2020 01:34:18.739 [0x7f8c39686700] INFO - Processor AMD Ryzen 9 3900X 12-Core Processor            
Aug 16, 2020 01:34:18.739 [0x7f8c39686700] INFO - /usr/lib/plexmediaserver/Plex Media Scanner --analyze --log-file-suffix  Analysis --item 37
Aug 16, 2020 01:34:18.743 [0x7f8c41dd2300] DEBUG - Opening 20 database sessions to library (com.plexapp.plugins.library), SQLite 3.26.0, threadsafe=1
Aug 16, 2020 01:34:18.875 [0x7f8c41dd2300] DEBUG - Analyzing media parts for item 37 (乐队的夏天 the Big Band): 33
Aug 16, 2020 01:34:18.875 [0x7f8c41dd2300] DEBUG - [ID 33] Media part analysis: /media/tv/乐队的夏天.The.Big.Band.2020.S02.2160p.WEB-DL.H265.AAC-FLTTH/乐队的夏天.The.Big.Band.2020.S02E07.Part1.2160p.WEB-DL.H265.AAC-FLTTH.mp4
Aug 16, 2020 01:34:18.876 [0x7f8c41dd2300] DEBUG - [MI] Opening input file: "/media/tv/乐队的夏天.The.Big.Band.2020.S02.2160p.WEB-DL.H265.AAC-FLTTH/乐队的夏天.The.Big.Band.2020.S02E07.Part1.2160p.WEB-DL.H265.AAC-FLTTH.mp4"
Aug 16, 2020 01:34:18.876 [0x7f8c41dd2300] DEBUG - [FFMPEG] - Opening '/media/tv/乐队的夏天.The.Big.Band.2020.S02.2160p.WEB-DL.H265.AAC-FLTTH/乐队的夏天.The.Big.Band.2020.S02E07.Part1.2160p.WEB-DL.H265.AAC-FLTTH.mp4' for reading
Aug 16, 2020 01:34:18.876 [0x7f8c41dd2300] DEBUG - [FFMPEG] - Setting default whitelist 'file,crypto'
Aug 16, 2020 01:34:18.876 [0x7f8c41dd2300] DEBUG - [FFMPEG] - Format mov,mp4,m4a,3gp,3g2,mj2 probed with size=2048 and score=100
Aug 16, 2020 01:34:18.876 [0x7f8c41dd2300] DEBUG - [FFMPEG] - ISO: File Type Major Brand: isom
Aug 16, 2020 01:34:18.876 [0x7f8c41dd2300] DEBUG - [FFMPEG] - Unknown dref type 0x206c7275 size 12
Aug 16, 2020 01:34:18.917 [0x7f8c41dd2300] DEBUG - [FFMPEG] - Processing st: 0, edit list 0 - media time: 10800, duration: 367023600
Aug 16, 2020 01:34:18.929 [0x7f8c41dd2300] DEBUG - [FFMPEG] - Offset DTS by 10800 to make first pts zero.
Aug 16, 2020 01:34:18.930 [0x7f8c41dd2300] DEBUG - [FFMPEG] - Unknown dref type 0x206c7275 size 12
Aug 16, 2020 01:34:18.947 [0x7f8c41dd2300] DEBUG - [FFMPEG] - Processing st: 1, edit list 0 - media time: 0, duration: 179846150
Aug 16, 2020 01:34:18.953 [0x7f8c41dd2300] DEBUG - [FFMPEG] - Before avformat_find_stream_info() pos: 2586478689 bytes read:3457463 seeks:1 nb_streams:2
Aug 16, 2020 01:34:18.954 [0x7f8c41dd2300] DEBUG - [FFMPEG] - nal_unit_type: 32(VPS), nuh_layer_id: 0, temporal_id: 0
Aug 16, 2020 01:34:18.954 [0x7f8c41dd2300] DEBUG - [FFMPEG] - Decoding VPS
Aug 16, 2020 01:34:18.954 [0x7f8c41dd2300] DEBUG - [FFMPEG] - Main profile bitstream
Aug 16, 2020 01:34:18.954 [0x7f8c41dd2300] DEBUG - [FFMPEG] - nal_unit_type: 33(SPS), nuh_layer_id: 0, temporal_id: 0
Aug 16, 2020 01:34:18.954 [0x7f8c41dd2300] DEBUG - [FFMPEG] - Decoding SPS
Aug 16, 2020 01:34:18.954 [0x7f8c41dd2300] DEBUG - [FFMPEG] - Main profile bitstream
Aug 16, 2020 01:34:18.954 [0x7f8c41dd2300] DEBUG - [FFMPEG] - Decoding VUI
Aug 16, 2020 01:34:18.954 [0x7f8c41dd2300] DEBUG - [FFMPEG] - nal_unit_type: 34(PPS), nuh_layer_id: 0, temporal_id: 0
Aug 16, 2020 01:34:18.954 [0x7f8c41dd2300] DEBUG - [FFMPEG] - Decoding PPS
Aug 16, 2020 01:34:18.957 [0x7f8c41dd2300] DEBUG - [FFMPEG] - All info found
Aug 16, 2020 01:34:18.957 [0x7f8c41dd2300] DEBUG - [FFMPEG] - After avformat_find_stream_info() pos: 47542 bytes read:3523598 seeks:2 frames:5
Aug 16, 2020 01:34:18.957 [0x7f8c41dd2300] DEBUG - [MI] Opening "/media/tv/乐队的夏天.The.Big.Band.2020.S02.2160p.WEB-DL.H265.AAC-FLTTH/乐队的夏天.The.Big.Band.2020.S02E07.Part1.2160p.WEB-DL.H265.AAC-FLTTH.mp4" for MP4 atom parsing
Aug 16, 2020 01:34:18.957 [0x7f8c41dd2300] DEBUG - Mp4AtomParser: Skipping ftyp atom of size 28 at offset 0
Aug 16, 2020 01:34:18.957 [0x7f8c41dd2300] DEBUG - Mp4AtomParser: Skipping free atom of size 8 at offset 28
Aug 16, 2020 01:34:18.957 [0x7f8c41dd2300] DEBUG - Mp4AtomParser: Skipping mdat atom of size 2583053958 at offset 36
Aug 16, 2020 01:34:18.957 [0x7f8c41dd2300] DEBUG - Mp4AtomParser: Found moov atom of size 3424695 at offset 2583053994
Aug 16, 2020 01:34:18.959 [0x7f8c41dd2300] DEBUG - Mp4AtomParser: Found trak atom of size 1635043 at offset 2583054110
Aug 16, 2020 01:34:18.959 [0x7f8c41dd2300] DEBUG - Mp4AtomParser: Found trak atom of size 1789438 at offset 2584689153
Aug 16, 2020 01:34:18.959 [0x7f8c41dd2300] DEBUG - Mp4AtomParser: Found mdia atom of size 1634907 at offset 2583054246
Aug 16, 2020 01:34:18.959 [0x7f8c41dd2300] DEBUG - Mp4AtomParser: Found minf atom of size 1634822 at offset 2583054331
Aug 16, 2020 01:34:18.959 [0x7f8c41dd2300] DEBUG - Mp4AtomParser: Found stbl atom of size 1634758 at offset 2583054395
Aug 16, 2020 01:34:18.959 [0x7f8c41dd2300] DEBUG - Mp4AtomParser: Found mdia atom of size 1789302 at offset 2584689289
Aug 16, 2020 01:34:18.959 [0x7f8c41dd2300] DEBUG - Mp4AtomParser: Found minf atom of size 1789217 at offset 2584689374
Aug 16, 2020 01:34:18.959 [0x7f8c41dd2300] DEBUG - Mp4AtomParser: Found stbl atom of size 1789157 at offset 2584689434
Aug 16, 2020 01:34:18.959 [0x7f8c41dd2300] DEBUG - [MI]  * ad1c785fbedd442c032f913d4831e14bbc608ef9 [mp4 hevc/aac] Duration: 4078144ms, 3840x2160 (1.777778) 25.000fps, bitrate=5073kbps, audio channels=2, optimizedForStreaming=0 ("/media/tv/乐队的夏天.The.Big.Band.2020.S02.2160p.WEB-DL.H265.AAC-FLTTH/乐队的夏天.The.Big.Band.2020.S02E07.Part1.2160p.WEB-DL.H265.AAC-FLTTH.mp4")
Aug 16, 2020 01:34:18.959 [0x7f8c41dd2300] DEBUG - [MI] Chapters had generic titles, clearing.
Aug 16, 2020 01:34:18.960 [0x7f8c41dd2300] DEBUG - [MI] Closing input file: "/media/tv/乐队的夏天.The.Big.Band.2020.S02.2160p.WEB-DL.H265.AAC-FLTTH/乐队的夏天.The.Big.Band.2020.S02E07.Part1.2160p.WEB-DL.H265.AAC-FLTTH.mp4"
Aug 16, 2020 01:34:18.961 [0x7f8c41dd2300] DEBUG - Streams didn't change in analysis, not saving.
Aug 16, 2020 01:34:18.961 [0x7f8c41dd2300] DEBUG - [ID 34] Media part analysis: /media/tv/乐队的夏天.The.Big.Band.2020.S02.2160p.WEB-DL.H265.AAC-FLTTH/乐队的夏天.The.Big.Band.2020.S02E07.Part2.2160p.WEB-DL.H265.AAC-FLTTH.mp4
Aug 16, 2020 01:34:18.961 [0x7f8c41dd2300] DEBUG - [MI] Opening input file: "/media/tv/乐队的夏天.The.Big.Band.2020.S02.2160p.WEB-DL.H265.AAC-FLTTH/乐队的夏天.The.Big.Band.2020.S02E07.Part2.2160p.WEB-DL.H265.AAC-FLTTH.mp4"
Aug 16, 2020 01:34:18.961 [0x7f8c41dd2300] DEBUG - [FFMPEG] - Opening '/media/tv/乐队的夏天.The.Big.Band.2020.S02.2160p.WEB-DL.H265.AAC-FLTTH/乐队的夏天.The.Big.Band.2020.S02E07.Part2.2160p.WEB-DL.H265.AAC-FLTTH.mp4' for reading
Aug 16, 2020 01:34:18.961 [0x7f8c41dd2300] DEBUG - [FFMPEG] - Setting default whitelist 'file,crypto'
Aug 16, 2020 01:34:18.961 [0x7f8c41dd2300] DEBUG - [FFMPEG] - Format mov,mp4,m4a,3gp,3g2,mj2 probed with size=2048 and score=100
Aug 16, 2020 01:34:18.961 [0x7f8c41dd2300] DEBUG - [FFMPEG] - ISO: File Type Major Brand: isom
Aug 16, 2020 01:34:18.961 [0x7f8c41dd2300] DEBUG - [FFMPEG] - Unknown dref type 0x206c7275 size 12
Aug 16, 2020 01:34:18.978 [0x7f8c41dd2300] DEBUG - [FFMPEG] - Processing st: 0, edit list 0 - media time: 10800, duration: 368964000
Aug 16, 2020 01:34:18.987 [0x7f8c41dd2300] DEBUG - [FFMPEG] - Offset DTS by 10800 to make first pts zero.
Aug 16, 2020 01:34:18.989 [0x7f8c41dd2300] DEBUG - [FFMPEG] - Unknown dref type 0x206c7275 size 12
Aug 16, 2020 01:34:18.999 [0x7f8c41dd2300] DEBUG - [FFMPEG] - Processing st: 1, edit list 0 - media time: 0, duration: 180797476
Aug 16, 2020 01:34:19.004 [0x7f8c41dd2300] DEBUG - [FFMPEG] - Before avformat_find_stream_info() pos: 2584637978 bytes read:3475251 seeks:1 nb_streams:2
Aug 16, 2020 01:34:19.004 [0x7f8c41dd2300] DEBUG - [FFMPEG] - nal_unit_type: 32(VPS), nuh_layer_id: 0, temporal_id: 0
Aug 16, 2020 01:34:19.004 [0x7f8c41dd2300] DEBUG - [FFMPEG] - Decoding VPS
Aug 16, 2020 01:34:19.004 [0x7f8c41dd2300] DEBUG - [FFMPEG] - Main profile bitstream
Aug 16, 2020 01:34:19.004 [0x7f8c41dd2300] DEBUG - [FFMPEG] - nal_unit_type: 33(SPS), nuh_layer_id: 0, temporal_id: 0
Aug 16, 2020 01:34:19.004 [0x7f8c41dd2300] DEBUG - [FFMPEG] - Decoding SPS
Aug 16, 2020 01:34:19.004 [0x7f8c41dd2300] DEBUG - [FFMPEG] - Main profile bitstream
Aug 16, 2020 01:34:19.004 [0x7f8c41dd2300] DEBUG - [FFMPEG] - Decoding VUI
Aug 16, 2020 01:34:19.004 [0x7f8c41dd2300] DEBUG - [FFMPEG] - nal_unit_type: 34(PPS), nuh_layer_id: 0, temporal_id: 0
Aug 16, 2020 01:34:19.004 [0x7f8c41dd2300] DEBUG - [FFMPEG] - Decoding PPS
Aug 16, 2020 01:34:19.010 [0x7f8c41dd2300] DEBUG - [FFMPEG] - All info found
Aug 16, 2020 01:34:19.010 [0x7f8c41dd2300] DEBUG - [FFMPEG] - After avformat_find_stream_info() pos: 353519 bytes read:3861388 seeks:2 frames:5
Aug 16, 2020 01:34:19.010 [0x7f8c41dd2300] DEBUG - [MI] Opening "/media/tv/乐队的夏天.The.Big.Band.2020.S02.2160p.WEB-DL.H265.AAC-FLTTH/乐队的夏天.The.Big.Band.2020.S02E07.Part2.2160p.WEB-DL.H265.AAC-FLTTH.mp4" for MP4 atom parsing
Aug 16, 2020 01:34:19.010 [0x7f8c41dd2300] DEBUG - Mp4AtomParser: Skipping ftyp atom of size 28 at offset 0
Aug 16, 2020 01:34:19.010 [0x7f8c41dd2300] DEBUG - Mp4AtomParser: Skipping free atom of size 8 at offset 28
Aug 16, 2020 01:34:19.010 [0x7f8c41dd2300] DEBUG - Mp4AtomParser: Skipping mdat atom of size 2581195459 at offset 36
Aug 16, 2020 01:34:19.010 [0x7f8c41dd2300] DEBUG - Mp4AtomParser: Found moov atom of size 3442483 at offset 2581195495
Aug 16, 2020 01:34:19.011 [0x7f8c41dd2300] DEBUG - Mp4AtomParser: Found trak atom of size 1643383 at offset 2581195611
Aug 16, 2020 01:34:19.011 [0x7f8c41dd2300] DEBUG - Mp4AtomParser: Found trak atom of size 1798886 at offset 2582838994
Aug 16, 2020 01:34:19.011 [0x7f8c41dd2300] DEBUG - Mp4AtomParser: Found mdia atom of size 1643247 at offset 2581195747
Aug 16, 2020 01:34:19.011 [0x7f8c41dd2300] DEBUG - Mp4AtomParser: Found minf atom of size 1643162 at offset 2581195832
Aug 16, 2020 01:34:19.011 [0x7f8c41dd2300] DEBUG - Mp4AtomParser: Found stbl atom of size 1643098 at offset 2581195896
Aug 16, 2020 01:34:19.011 [0x7f8c41dd2300] DEBUG - Mp4AtomParser: Found mdia atom of size 1798750 at offset 2582839130
Aug 16, 2020 01:34:19.011 [0x7f8c41dd2300] DEBUG - Mp4AtomParser: Found minf atom of size 1798665 at offset 2582839215
Aug 16, 2020 01:34:19.011 [0x7f8c41dd2300] DEBUG - Mp4AtomParser: Found stbl atom of size 1798605 at offset 2582839275
Aug 16, 2020 01:34:19.011 [0x7f8c41dd2300] DEBUG - [MI]  * f776085ffcebdb3047d0beaf8ed74b128c7fd103 [mp4 hevc/aac] Duration: 4099716ms, 3840x2160 (1.777778) 25.000fps, bitrate=5043kbps, audio channels=2, optimizedForStreaming=0 ("/media/tv/乐队的夏天.The.Big.Band.2020.S02.2160p.WEB-DL.H265.AAC-FLTTH/乐队的夏天.The.Big.Band.2020.S02E07.Part2.2160p.WEB-DL.H265.AAC-FLTTH.mp4")
Aug 16, 2020 01:34:19.012 [0x7f8c41dd2300] DEBUG - [MI] Chapters had generic titles, clearing.
Aug 16, 2020 01:34:19.012 [0x7f8c41dd2300] DEBUG - [MI] Closing input file: "/media/tv/乐队的夏天.The.Big.Band.2020.S02.2160p.WEB-DL.H265.AAC-FLTTH/乐队的夏天.The.Big.Band.2020.S02E07.Part2.2160p.WEB-DL.H265.AAC-FLTTH.mp4"
Aug 16, 2020 01:34:19.014 [0x7f8c41dd2300] DEBUG - Committing media stream changes for part 34
Aug 16, 2020 01:34:19.016 [0x7f8c41dd2300] DEBUG - Updating media item 33, size=5171116667, metadata_item_id=37
Aug 16, 2020 01:34:19.016 [0x7f8c41dd2300] DEBUG - Updating part with ID=33 [/media/tv/乐队的夏天.The.Big.Band.2020.S02.2160p.WEB-DL.H265.AAC-FLTTH/乐队的夏天.The.Big.Band.2020.S02E07.Part1.2160p.WEB-DL.H265.AAC-FLTTH.mp4]
Aug 16, 2020 01:34:19.016 [0x7f8c41dd2300] DEBUG - Updating part with ID=34 [/media/tv/乐队的夏天.The.Big.Band.2020.S02.2160p.WEB-DL.H265.AAC-FLTTH/乐队的夏天.The.Big.Band.2020.S02E07.Part2.2160p.WEB-DL.H265.AAC-FLTTH.mp4]
Aug 16, 2020 01:34:19.019 [0x7f8c41dd2300] DEBUG - [MI] Opening input file: "/media/tv/乐队的夏天.The.Big.Band.2020.S02.2160p.WEB-DL.H265.AAC-FLTTH/乐队的夏天.The.Big.Band.2020.S02E07.Part2.2160p.WEB-DL.H265.AAC-FLTTH.mp4"
Aug 16, 2020 01:34:19.019 [0x7f8c41dd2300] DEBUG - [FFMPEG] - Opening '/media/tv/乐队的夏天.The.Big.Band.2020.S02.2160p.WEB-DL.H265.AAC-FLTTH/乐队的夏天.The.Big.Band.2020.S02E07.Part2.2160p.WEB-DL.H265.AAC-FLTTH.mp4' for reading
Aug 16, 2020 01:34:19.019 [0x7f8c41dd2300] DEBUG - [FFMPEG] - Setting default whitelist 'file,crypto'
Aug 16, 2020 01:34:19.019 [0x7f8c41dd2300] DEBUG - [FFMPEG] - Format mov,mp4,m4a,3gp,3g2,mj2 probed with size=2048 and score=100
Aug 16, 2020 01:34:19.019 [0x7f8c41dd2300] DEBUG - [FFMPEG] - ISO: File Type Major Brand: isom
Aug 16, 2020 01:34:19.019 [0x7f8c41dd2300] DEBUG - [FFMPEG] - Unknown dref type 0x206c7275 size 12
Aug 16, 2020 01:34:19.024 [0x7f8c335b6700] DEBUG - HTTP requesting GET http://127.0.0.1:32400/:/metadata/notify/changeItemState?librarySectionID=2&metadataItemID=37&metadataType=4&state=-1&mediaState=analyzing
Aug 16, 2020 01:34:19.031 [0x7f8c335b6700] DEBUG - HTTP 200 response from GET http://127.0.0.1:32400/:/metadata/notify/changeItemState?librarySectionID=2&metadataItemID=37&metadataType=4&state=-1&mediaState=analyzing
Aug 16, 2020 01:34:19.033 [0x7f8c335b6700] DEBUG - HTTP requesting GET http://127.0.0.1:32400/:/metadata/notify/changeItemState?librarySectionID=2&metadataItemID=37&metadataType=4&state=-1&mediaState=thumbnailing
Aug 16, 2020 01:34:19.037 [0x7f8c335b6700] DEBUG - HTTP 200 response from GET http://127.0.0.1:32400/:/metadata/notify/changeItemState?librarySectionID=2&metadataItemID=37&metadataType=4&state=-1&mediaState=thumbnailing
Aug 16, 2020 01:34:19.040 [0x7f8c41dd2300] DEBUG - [FFMPEG] - Processing st: 0, edit list 0 - media time: 10800, duration: 368964000
Aug 16, 2020 01:34:19.046 [0x7f8c41dd2300] DEBUG - [FFMPEG] - Offset DTS by 10800 to make first pts zero.
Aug 16, 2020 01:34:19.046 [0x7f8c41dd2300] DEBUG - [FFMPEG] - Unknown dref type 0x206c7275 size 12
Aug 16, 2020 01:34:19.058 [0x7f8c41dd2300] DEBUG - [FFMPEG] - Processing st: 1, edit list 0 - media time: 0, duration: 180797476
Aug 16, 2020 01:34:19.063 [0x7f8c41dd2300] DEBUG - [FFMPEG] - Before avformat_find_stream_info() pos: 2584637978 bytes read:3475251 seeks:1 nb_streams:2
Aug 16, 2020 01:34:19.063 [0x7f8c41dd2300] DEBUG - [FFMPEG] - nal_unit_type: 32(VPS), nuh_layer_id: 0, temporal_id: 0
Aug 16, 2020 01:34:19.063 [0x7f8c41dd2300] DEBUG - [FFMPEG] - Decoding VPS
Aug 16, 2020 01:34:19.063 [0x7f8c41dd2300] DEBUG - [FFMPEG] - Main profile bitstream
Aug 16, 2020 01:34:19.063 [0x7f8c41dd2300] DEBUG - [FFMPEG] - nal_unit_type: 33(SPS), nuh_layer_id: 0, temporal_id: 0
Aug 16, 2020 01:34:19.064 [0x7f8c41dd2300] DEBUG - [FFMPEG] - Decoding SPS
Aug 16, 2020 01:34:19.064 [0x7f8c41dd2300] DEBUG - [FFMPEG] - Main profile bitstream
Aug 16, 2020 01:34:19.064 [0x7f8c41dd2300] DEBUG - [FFMPEG] - Decoding VUI
Aug 16, 2020 01:34:19.064 [0x7f8c41dd2300] DEBUG - [FFMPEG] - nal_unit_type: 34(PPS), nuh_layer_id: 0, temporal_id: 0
Aug 16, 2020 01:34:19.064 [0x7f8c41dd2300] DEBUG - [FFMPEG] - Decoding PPS
Aug 16, 2020 01:34:19.065 [0x7f8c41dd2300] DEBUG - [FFMPEG] - All info found
Aug 16, 2020 01:34:19.065 [0x7f8c41dd2300] DEBUG - [FFMPEG] - After avformat_find_stream_info() pos: 353519 bytes read:3861388 seeks:2 frames:5
Aug 16, 2020 01:34:19.065 [0x7f8c41dd2300] DEBUG - Creating /config/Library/Application Support/Plex Media Server/Media/localhost/a/d1c785fbedd442c032f913d4831e14bbc608ef9.bundle/Contents/Thumbnails/thumb1.jpg (0.0%, 720x512).
Aug 16, 2020 01:34:19.065 [0x7f8c41dd2300] DEBUG - [FFMPEG] - nal_unit_type: 32(VPS), nuh_layer_id: 0, temporal_id: 0
Aug 16, 2020 01:34:19.065 [0x7f8c41dd2300] DEBUG - [FFMPEG] - Decoding VPS
Aug 16, 2020 01:34:19.065 [0x7f8c41dd2300] DEBUG - [FFMPEG] - Main profile bitstream
Aug 16, 2020 01:34:19.065 [0x7f8c41dd2300] DEBUG - [FFMPEG] - nal_unit_type: 33(SPS), nuh_layer_id: 0, temporal_id: 0
Aug 16, 2020 01:34:19.065 [0x7f8c41dd2300] DEBUG - [FFMPEG] - Decoding SPS
Aug 16, 2020 01:34:19.065 [0x7f8c41dd2300] DEBUG - [FFMPEG] - Main profile bitstream
Aug 16, 2020 01:34:19.065 [0x7f8c41dd2300] DEBUG - [FFMPEG] - Decoding VUI
Aug 16, 2020 01:34:19.065 [0x7f8c41dd2300] DEBUG - [FFMPEG] - nal_unit_type: 34(PPS), nuh_layer_id: 0, temporal_id: 0
Aug 16, 2020 01:34:19.065 [0x7f8c41dd2300] DEBUG - [FFMPEG] - Decoding PPS
Aug 16, 2020 01:34:19.065 [0x7f8c41dd2300] DEBUG - [FFMPEG] - nal_unit_type: 32(VPS), nuh_layer_id: 0, temporal_id: 0
Aug 16, 2020 01:34:19.065 [0x7f8c41dd2300] DEBUG - [FFMPEG] - nal_unit_type: 33(SPS), nuh_layer_id: 0, temporal_id: 0
Aug 16, 2020 01:34:19.065 [0x7f8c41dd2300] DEBUG - [FFMPEG] - nal_unit_type: 34(PPS), nuh_layer_id: 0, temporal_id: 0
Aug 16, 2020 01:34:19.065 [0x7f8c41dd2300] DEBUG - [FFMPEG] - nal_unit_type: 20(IDR_N_LP), nuh_layer_id: 0, temporal_id: 0
Aug 16, 2020 01:34:19.065 [0x7f8c41dd2300] DEBUG - [FFMPEG] - Decoding VPS
Aug 16, 2020 01:34:19.065 [0x7f8c41dd2300] DEBUG - [FFMPEG] - Main profile bitstream
Aug 16, 2020 01:34:19.065 [0x7f8c41dd2300] DEBUG - [FFMPEG] - Decoding SPS
Aug 16, 2020 01:34:19.065 [0x7f8c41dd2300] DEBUG - [FFMPEG] - Main profile bitstream
Aug 16, 2020 01:34:19.065 [0x7f8c41dd2300] DEBUG - [FFMPEG] - Decoding VUI
Aug 16, 2020 01:34:19.065 [0x7f8c41dd2300] DEBUG - [FFMPEG] - Decoding PPS
Aug 16, 2020 01:34:19.066 [0x7f8c41dd2300] DEBUG - [FFMPEG] - Format yuv420p chosen by get_format().
Aug 16, 2020 01:34:19.228 [0x7f8c41dd2300] DEBUG - [FFMPEG] - Decoded frame with POC 0.
Aug 16, 2020 01:34:19.228 [0x7f8c41dd2300] DEBUG - [FFMPEG] - nal_unit_type: 1(TRAIL_R), nuh_layer_id: 0, temporal_id: 0
Aug 16, 2020 01:34:19.423 [0x7f8c41dd2300] DEBUG - [FFMPEG] - Decoded frame with POC 8.
Aug 16, 2020 01:34:19.424 [0x7f8c41dd2300] DEBUG - [FFMPEG] - nal_unit_type: 1(TRAIL_R), nuh_layer_id: 0, temporal_id: 0
Aug 16, 2020 01:34:19.520 [0x7f8c41dd2300] DEBUG - [FFMPEG] - Decoded frame with POC 4.
Aug 16, 2020 01:34:19.520 [0x7f8c41dd2300] DEBUG - [FFMPEG] - nal_unit_type: 1(TRAIL_R), nuh_layer_id: 0, temporal_id: 0
Aug 16, 2020 01:34:19.538 [0x7f8c41dd2300] DEBUG - [FFMPEG] - Output frame with POC 0.
Aug 16, 2020 01:34:19.640 [0x7f8c41dd2300] DEBUG - [FFMPEG] - Decoded frame with POC 2.
Aug 16, 2020 01:34:20.004 [0x7f8c41dd2300] DEBUG - Loaded memory image of size 3840x2160.
Aug 16, 2020 01:34:20.109 [0x7f8c41dd2300] DEBUG - [MI] Closing input file: "/media/tv/乐队的夏天.The.Big.Band.2020.S02.2160p.WEB-DL.H265.AAC-FLTTH/乐队的夏天.The.Big.Band.2020.S02E07.Part2.2160p.WEB-DL.H265.AAC-FLTTH.mp4"
Aug 16, 2020 01:34:20.115 [0x7f8c41dd2300] DEBUG - Downloading document http://127.0.0.1:32400/library/changestamp
Aug 16, 2020 01:34:20.116 [0x7f8c41dd2300] DEBUG - HTTP requesting GET http://127.0.0.1:32400/library/changestamp
Aug 16, 2020 01:34:20.117 [0x7f8c41dd2300] DEBUG - HTTP 200 response from GET http://127.0.0.1:32400/library/changestamp
Aug 16, 2020 01:34:20.117 [0x7f8c41dd2300] DEBUG - Updating metadata item (save) (乐队的夏天 the Big Band) with ID 37
Aug 16, 2020 01:34:20.118 [0x7f8c335b6700] DEBUG - HTTP requesting GET http://127.0.0.1:32400/:/metadata/flushMetadataCounterCache
Aug 16, 2020 01:34:20.118 [0x7f8c335b6700] DEBUG - HTTP 200 response from GET http://127.0.0.1:32400/:/metadata/flushMetadataCounterCache
Aug 16, 2020 01:34:20.129 [0x7f8c335b6700] DEBUG - HTTP requesting GET http://127.0.0.1:32400/:/metadata/notify/changeItemState?librarySectionID=2&metadataItemID=37&metadataType=4&state=-1&mediaState=idle
Aug 16, 2020 01:34:20.132 [0x7f8c335b6700] DEBUG - HTTP 200 response from GET http://127.0.0.1:32400/:/metadata/notify/changeItemState?librarySectionID=2&metadataItemID=37&metadataType=4&state=-1&mediaState=idle
Aug 16, 2020 01:34:20.135 [0x7f8c41dd2300] DEBUG - Downloading document http://127.0.0.1:32400/library/changestamp
Aug 16, 2020 01:34:20.135 [0x7f8c41dd2300] DEBUG - HTTP requesting GET http://127.0.0.1:32400/library/changestamp
Aug 16, 2020 01:34:20.136 [0x7f8c41dd2300] DEBUG - HTTP 200 response from GET http://127.0.0.1:32400/library/changestamp
Aug 16, 2020 01:34:20.136 [0x7f8c41dd2300] DEBUG - Updating metadata item (save) (乐队的夏天 the Big Band) with ID 37
Aug 16, 2020 01:34:20.139 [0x7f8c335b6700] DEBUG - HTTP requesting GET http://127.0.0.1:32400/:/metadata/flushMetadataCounterCache
Aug 16, 2020 01:34:20.141 [0x7f8c335b6700] DEBUG - HTTP 200 response from GET http://127.0.0.1:32400/:/metadata/flushMetadataCounterCache
