Aug 15, 2020 08:36:12.223 [0x7f41dedb5700] INFO - Plex Tuner Service v1.0.0.0 - Docker Docker Container (LinuxServer.io) x86_64 - build: 
Aug 15, 2020 08:36:12.223 [0x7f41dedb5700] INFO - Linux version: 4.15.0-112-generic (#113-Ubuntu SMP Thu Jul 9 23:41:39 UTC 2020), language: en-US
Aug 15, 2020 08:36:12.224 [0x7f41dedb5700] INFO - Processor AMD Ryzen 9 3900X 12-Core Processor            
Aug 15, 2020 08:36:12.224 [0x7f41dedb5700] INFO - /usr/lib/plexmediaserver/Plex Tuner Service /usr/lib/plexmediaserver/Resources/Tuner/Private /usr/lib/plexmediaserver/Resources/Tuner/Shared 1.19.5.3112-b23ab3896 32600 /waitmutex
Aug 15, 2020 08:36:12.220 [0x7f41e3d59740] INFO - [I] broker_t::start...
Aug 15, 2020 08:36:12.234 [0x7f41e3d59740] INFO - [I] device_manager_t::init.
Aug 15, 2020 08:36:12.234 [0x7f41e3d59740] INFO - [I] device_manager_t::init. Initialize provider manager
Aug 15, 2020 08:36:12.234 [0x7f41e3d59740] INFO - [I] device_manager_t::init. Initialize all device auxes
Aug 15, 2020 08:36:12.234 [0x7f41e3d59740] INFO - [I] dvb_device_factory_t::get_aux_list
Aug 15, 2020 08:36:12.234 [0x7f41e3d59740] INFO - [I] tvbutler_aux_t::init
Aug 15, 2020 08:36:12.236 [0x7f41e3d59740] INFO - [I] web_server_t::start. Starting web server on port 32600
Aug 15, 2020 08:36:18.472 [0x7f41d5ffb700] INFO - [I] web_service_t::process_device_discovery
Aug 15, 2020 08:36:18.472 [0x7f41d5ffb700] INFO - [I] device_reactor_t::get_device_list ()
Aug 15, 2020 08:36:18.472 [0x7f41d5ffb700] INFO - [I] dvb_device_factory_t::get_device_list ()
Aug 15, 2020 08:36:20.476 [0x7f41d5ffb700] INFO - [I] SAT2IP - discover_satip_servers(): no servers found
Aug 15, 2020 08:36:20.899 [0x7f41d5ffb700] INFO - [I] v4l::DeviceGetList_impl. getting v4l device list
Aug 15, 2020 08:36:20.900 [0x7f41d5ffb700] INFO - [I] onetv_factory::DeviceGetListEx >>
Aug 15, 2020 08:36:20.900 [0x7f41d5ffb700] WARN - [W] onetv_factory::DeviceGetListEx. libusb_init returned an error -99
Aug 15, 2020 08:36:24.474 [0x7f41e3d59740] INFO - [I] device_manager_t::term
Aug 15, 2020 08:36:24.474 [0x7f41e3d59740] INFO - [I] device_manager_t::term. Stop all devices
Aug 15, 2020 08:36:24.474 [0x7f41e3d59740] INFO - [I] device_manager_t::term. Shut down all device auxes
Aug 15, 2020 08:36:24.474 [0x7f41e3d59740] INFO - [I] tvbutler_aux_t::term
Aug 15, 2020 08:36:24.481 [0x7f41e3d59740] INFO - [I] web_server_t::stop. Web server is stopped
Aug 15, 2020 08:36:24.481 [0x7f41e3d59740] INFO - [I] device_manager_t::term
Aug 15, 2020 08:36:24.481 [0x7f41e3d59740] INFO - [I] device_manager_t::term. Stop all devices
Aug 15, 2020 08:36:24.481 [0x7f41e3d59740] INFO - [I] device_manager_t::term. Shut down all device auxes
Aug 15, 2020 08:36:24.481 [0x7f41e3d59740] INFO - [I] broker_t::shutdown. Shutdown is completed.
