Aug 16, 2020 02:00:49.896 [0x7f8662b34700] INFO - Plex Media Scanner v1.19.5.3112-b23ab3896 - Docker Docker Container (LinuxServer.io) x86_64 - build: linux-x86_64 - GMT 00:00
Aug 16, 2020 02:00:49.896 [0x7f8662b34700] INFO - Linux version: 4.15.0-112-generic, language: en-US
Aug 16, 2020 02:00:49.898 [0x7f8662b34700] INFO - Processor AMD Ryzen 9 3900X 12-Core Processor            
Aug 16, 2020 02:00:49.898 [0x7f8662b34700] INFO - /usr/lib/plexmediaserver/Plex Media Scanner --analyze-deeply --item 45 --log-file-suffix  Deep Analysis
Aug 16, 2020 02:00:49.896 [0x7f866b280300] DEBUG - Opening 20 database sessions to library (com.plexapp.plugins.library), SQLite 3.26.0, threadsafe=1
Aug 16, 2020 02:00:50.087 [0x7f866b280300] DEBUG - [MI] Opening input file: "/media/tv/sync/斗罗大陆.Dou.Luo.Da.Lu.2018.S01.1080p.WEB-DL.AAC.H264-OurTV/Dou.Luo.Da.Lu.2018.S01.E117.1080p.WEB-DL.AAC.H264-OurTV.mp4"
Aug 16, 2020 02:00:50.088 [0x7f866b280300] DEBUG - [FFMPEG] - Opening '/media/tv/sync/斗罗大陆.Dou.Luo.Da.Lu.2018.S01.1080p.WEB-DL.AAC.H264-OurTV/Dou.Luo.Da.Lu.2018.S01.E117.1080p.WEB-DL.AAC.H264-OurTV.mp4' for reading
Aug 16, 2020 02:00:50.088 [0x7f866b280300] DEBUG - [FFMPEG] - Setting default whitelist 'file,crypto'
Aug 16, 2020 02:00:50.090 [0x7f866b280300] DEBUG - [FFMPEG] - Format mov,mp4,m4a,3gp,3g2,mj2 probed with size=2048 and score=100
Aug 16, 2020 02:00:50.090 [0x7f866b280300] DEBUG - [FFMPEG] - ISO: File Type Major Brand: isom
Aug 16, 2020 02:00:50.091 [0x7f866b280300] DEBUG - [FFMPEG] - Unknown dref type 0x206c7275 size 12
Aug 16, 2020 02:00:50.096 [0x7f866b280300] DEBUG - [FFMPEG] - Processing st: 0, edit list 0 - media time: 5999, duration: 111186000
Aug 16, 2020 02:00:50.096 [0x7f866b280300] WARN - [FFMPEG] - st: 0 edit list: 1 Missing key frame while searching for timestamp: 5999
Aug 16, 2020 02:00:50.097 [0x7f866b280300] WARN - [FFMPEG] - st: 0 edit list 1 Cannot find an index entry before timestamp: 5999.
Aug 16, 2020 02:00:50.098 [0x7f866b280300] DEBUG - [FFMPEG] - Offset DTS by 6000 to make first pts zero.
Aug 16, 2020 02:00:50.099 [0x7f866b280300] DEBUG - [FFMPEG] - Setting codecpar->delay to 2 for stream st: 0
Aug 16, 2020 02:00:50.099 [0x7f866b280300] DEBUG - [FFMPEG] - Unknown dref type 0x206c7275 size 12
Aug 16, 2020 02:00:50.103 [0x7f866b280300] DEBUG - [FFMPEG] - Processing st: 1, edit list 0 - media time: 0, duration: 59301888
Aug 16, 2020 02:00:50.105 [0x7f866b280300] DEBUG - [FFMPEG] - rfps: 29.916667 0.006175
Aug 16, 2020 02:00:50.105 [0x7f866b280300] DEBUG - [FFMPEG] - rfps: 29.916667 0.006175
Aug 16, 2020 02:00:50.105 [0x7f866b280300] DEBUG - [FFMPEG] - rfps: 30.000000 0.000000
Aug 16, 2020 02:00:50.105 [0x7f866b280300] DEBUG - [FFMPEG] - rfps: 60.000000 0.000000
Aug 16, 2020 02:00:50.105 [0x7f866b280300] DEBUG - [FFMPEG] - rfps: 120.000000 0.000000
Aug 16, 2020 02:00:50.105 [0x7f866b280300] DEBUG - [FFMPEG] - rfps: 240.000000 0.000002
Aug 16, 2020 02:00:50.105 [0x7f866b280300] DEBUG - [FFMPEG] - rfps: 29.970030 0.000799
Aug 16, 2020 02:00:50.105 [0x7f866b280300] DEBUG - [FFMPEG] - rfps: 29.970030 0.000799
Aug 16, 2020 02:00:50.105 [0x7f866b280300] DEBUG - [FFMPEG] - rfps: 59.940060 0.003195
Aug 16, 2020 02:00:50.105 [0x7f866b280300] DEBUG - [FFMPEG] - rfps: 59.940060 0.003195
Aug 16, 2020 02:00:50.105 [0x7f866b280300] DEBUG - [FFMPEG] - Before avformat_find_stream_info() pos: 558978467 bytes read:1670837 seeks:1 nb_streams:2
Aug 16, 2020 02:00:50.179 [0x7f866b280300] DEBUG - [FFMPEG] - nal_unit_type: 7(SPS), nal_ref_idc: 3
Aug 16, 2020 02:00:50.179 [0x7f866b280300] DEBUG - [FFMPEG] - nal_unit_type: 7(SPS), nal_ref_idc: 3
Aug 16, 2020 02:00:50.179 [0x7f866b280300] DEBUG - [FFMPEG] - nal_unit_type: 8(PPS), nal_ref_idc: 3
Aug 16, 2020 02:00:50.179 [0x7f866b280300] DEBUG - [FFMPEG] - nal_unit_type: 8(PPS), nal_ref_idc: 3
Aug 16, 2020 02:00:50.180 [0x7f866b280300] DEBUG - [FFMPEG] - nal_unit_type: 9(AUD), nal_ref_idc: 0
Aug 16, 2020 02:00:50.180 [0x7f866b280300] DEBUG - [FFMPEG] - nal_unit_type: 7(SPS), nal_ref_idc: 3
Aug 16, 2020 02:00:50.180 [0x7f866b280300] DEBUG - [FFMPEG] - nal_unit_type: 8(PPS), nal_ref_idc: 3
Aug 16, 2020 02:00:50.180 [0x7f866b280300] DEBUG - [FFMPEG] - nal_unit_type: 7(SPS), nal_ref_idc: 3
Aug 16, 2020 02:00:50.180 [0x7f866b280300] DEBUG - [FFMPEG] - nal_unit_type: 8(PPS), nal_ref_idc: 3
Aug 16, 2020 02:00:50.180 [0x7f866b280300] DEBUG - [FFMPEG] - nal_unit_type: 6(SEI), nal_ref_idc: 0
Aug 16, 2020 02:00:50.180 [0x7f866b280300] DEBUG - [FFMPEG] - nal_unit_type: 5(IDR), nal_ref_idc: 3
Aug 16, 2020 02:00:50.180 [0x7f866b280300] DEBUG - [FFMPEG] - Format yuv420p chosen by get_format().
Aug 16, 2020 02:00:50.190 [0x7f866b280300] DEBUG - [FFMPEG] - no picture 
Aug 16, 2020 02:00:50.202 [0x7f866b280300] DEBUG - [FFMPEG] - nal_unit_type: 9(AUD), nal_ref_idc: 0
Aug 16, 2020 02:00:50.202 [0x7f866b280300] DEBUG - [FFMPEG] - nal_unit_type: 1(Coded slice of a non-IDR picture), nal_ref_idc: 2
Aug 16, 2020 02:00:50.203 [0x7f866b280300] DEBUG - [FFMPEG] - no picture 
Aug 16, 2020 02:00:50.211 [0x7f866b280300] DEBUG - [FFMPEG] - All info found
Aug 16, 2020 02:00:50.211 [0x7f866b280300] DEBUG - [FFMPEG] - After avformat_find_stream_info() pos: 71138 bytes read:1755165 seeks:2 frames:3
Aug 16, 2020 02:00:50.897 [0x7f866b280300] DEBUG - Deep Analysis: Read 10000 packets at 130.033333
Aug 16, 2020 02:00:51.772 [0x7f866b280300] DEBUG - Deep Analysis: Read 20000 packets at 260.117333
Aug 16, 2020 02:00:52.965 [0x7f866b280300] DEBUG - Deep Analysis: Read 30000 packets at 390.200000
Aug 16, 2020 02:00:53.997 [0x7f866b280300] DEBUG - Deep Analysis: Read 40000 packets at 520.277333
Aug 16, 2020 02:00:55.202 [0x7f866b280300] DEBUG - Deep Analysis: Read 50000 packets at 650.366656
Aug 16, 2020 02:00:56.200 [0x7f866b280300] DEBUG - Deep Analysis: Read 60000 packets at 780.437333
Aug 16, 2020 02:00:57.071 [0x7f866b280300] DEBUG - Deep Analysis: Read 70000 packets at 910.528000
Aug 16, 2020 02:00:57.748 [0x7f866b280300] DEBUG - Deep Analysis: Read 80000 packets at 1040.600000
Aug 16, 2020 02:00:58.457 [0x7f866b280300] DEBUG - Deep Analysis: Read 90000 packets at 1170.688000
Aug 16, 2020 02:00:58.787 [0x7f866b280300] DEBUG - Deep Analysis: Sorting packets
Aug 16, 2020 02:00:58.792 [0x7f866b280300] DEBUG - Deep Analysis: Performing file bitrate analysis
Aug 16, 2020 02:00:58.813 [0x7f866b280300] DEBUG - Deep Analysis: Performing stream bitrate analysis on stream 0
Aug 16, 2020 02:00:58.822 [0x7f866b280300] DEBUG - Deep Analysis: Performing stream bitrate analysis on stream 1
Aug 16, 2020 02:00:58.827 [0x7f866b280300] DEBUG - Deep Analysis: Saving GoP analysis for stream 0
Aug 16, 2020 02:00:58.828 [0x7f866b280300] DEBUG - Deep Analysis: Saving bitrate analysis
Aug 16, 2020 02:00:58.829 [0x7f866b280300] DEBUG - Updating part with ID=40 [/media/tv/sync/斗罗大陆.Dou.Luo.Da.Lu.2018.S01.1080p.WEB-DL.AAC.H264-OurTV/Dou.Luo.Da.Lu.2018.S01.E117.1080p.WEB-DL.AAC.H264-OurTV.mp4]
Aug 16, 2020 02:00:58.830 [0x7f866b280300] DEBUG - [MI] Closing input file: "/media/tv/sync/斗罗大陆.Dou.Luo.Da.Lu.2018.S01.1080p.WEB-DL.AAC.H264-OurTV/Dou.Luo.Da.Lu.2018.S01.E117.1080p.WEB-DL.AAC.H264-OurTV.mp4"
Aug 16, 2020 02:00:58.831 [0x7f866b280300] DEBUG - Updating media item 38, size=558978467, metadata_item_id=45
Aug 16, 2020 02:00:58.832 [0x7f866b280300] DEBUG - Updating part with ID=40 [/media/tv/sync/斗罗大陆.Dou.Luo.Da.Lu.2018.S01.1080p.WEB-DL.AAC.H264-OurTV/Dou.Luo.Da.Lu.2018.S01.E117.1080p.WEB-DL.AAC.H264-OurTV.mp4]
