Aug 16, 2020 02:01:56.991 [0x7f22bcaf1700] INFO - Plex Media Scanner v1.19.5.3112-b23ab3896 - Docker Docker Container (LinuxServer.io) x86_64 - build: linux-x86_64 - GMT 00:00
Aug 16, 2020 02:01:56.991 [0x7f22bcaf1700] INFO - Linux version: 4.15.0-112-generic, language: en-US
Aug 16, 2020 02:01:56.991 [0x7f22bcaf1700] INFO - Processor AMD Ryzen 9 3900X 12-Core Processor            
Aug 16, 2020 02:01:56.991 [0x7f22bcaf1700] INFO - /usr/lib/plexmediaserver/Plex Media Scanner --analyze --item 41,42 --log-file-suffix  Analysis
Aug 16, 2020 02:01:56.994 [0x7f22c523d300] DEBUG - Opening 20 database sessions to library (com.plexapp.plugins.library), SQLite 3.26.0, threadsafe=1
Aug 16, 2020 02:01:57.083 [0x7f22c523d300] DEBUG - Analyzing media parts for item 41 (Episode 5): 35
Aug 16, 2020 02:01:57.083 [0x7f22c523d300] DEBUG - [ID 36] Media part analysis: /media/tv/online/乐队的夏天.The.Big.Band.2020.S02.2160p.WEB-DL.H265.AAC-FLTTH/乐队的夏天.The.Big.Band.2020.S02E05.2160p.WEB-DL.H265.AAC-FLTTH.mp4
Aug 16, 2020 02:01:57.083 [0x7f22c523d300] DEBUG - [MI] Opening input file: "/media/tv/online/乐队的夏天.The.Big.Band.2020.S02.2160p.WEB-DL.H265.AAC-FLTTH/乐队的夏天.The.Big.Band.2020.S02E05.2160p.WEB-DL.H265.AAC-FLTTH.mp4"
Aug 16, 2020 02:01:57.083 [0x7f22c523d300] DEBUG - [FFMPEG] - Opening '/media/tv/online/乐队的夏天.The.Big.Band.2020.S02.2160p.WEB-DL.H265.AAC-FLTTH/乐队的夏天.The.Big.Band.2020.S02E05.2160p.WEB-DL.H265.AAC-FLTTH.mp4' for reading
Aug 16, 2020 02:01:57.083 [0x7f22c523d300] DEBUG - [FFMPEG] - Setting default whitelist 'file,crypto'
Aug 16, 2020 02:01:57.083 [0x7f22c523d300] DEBUG - [FFMPEG] - Format mov,mp4,m4a,3gp,3g2,mj2 probed with size=2048 and score=100
Aug 16, 2020 02:01:57.083 [0x7f22c523d300] DEBUG - [FFMPEG] - ISO: File Type Major Brand: isom
Aug 16, 2020 02:01:57.084 [0x7f22c523d300] DEBUG - [FFMPEG] - Unknown dref type 0x206c7275 size 12
Aug 16, 2020 02:01:57.100 [0x7f22c523d300] DEBUG - [FFMPEG] - Processing st: 0, edit list 0 - media time: 10800, duration: 457567200
Aug 16, 2020 02:01:57.106 [0x7f22c523d300] DEBUG - [FFMPEG] - Offset DTS by 10800 to make first pts zero.
Aug 16, 2020 02:01:57.107 [0x7f22c523d300] DEBUG - [FFMPEG] - Unknown dref type 0x206c7275 size 12
Aug 16, 2020 02:01:57.129 [0x7f22c523d300] DEBUG - [FFMPEG] - Processing st: 1, edit list 0 - media time: 0, duration: 224213000
Aug 16, 2020 02:01:57.136 [0x7f22c523d300] DEBUG - [FFMPEG] - Before avformat_find_stream_info() pos: 10749626869 bytes read:5318851 seeks:1 nb_streams:2
Aug 16, 2020 02:01:57.136 [0x7f22c523d300] DEBUG - [FFMPEG] - nal_unit_type: 32(VPS), nuh_layer_id: 0, temporal_id: 0
Aug 16, 2020 02:01:57.136 [0x7f22c523d300] DEBUG - [FFMPEG] - Decoding VPS
Aug 16, 2020 02:01:57.136 [0x7f22c523d300] DEBUG - [FFMPEG] - Main profile bitstream
Aug 16, 2020 02:01:57.136 [0x7f22c523d300] DEBUG - [FFMPEG] - nal_unit_type: 33(SPS), nuh_layer_id: 0, temporal_id: 0
Aug 16, 2020 02:01:57.136 [0x7f22c523d300] DEBUG - [FFMPEG] - Decoding SPS
Aug 16, 2020 02:01:57.136 [0x7f22c523d300] DEBUG - [FFMPEG] - Main profile bitstream
Aug 16, 2020 02:01:57.136 [0x7f22c523d300] DEBUG - [FFMPEG] - Decoding VUI
Aug 16, 2020 02:01:57.136 [0x7f22c523d300] DEBUG - [FFMPEG] - nal_unit_type: 34(PPS), nuh_layer_id: 0, temporal_id: 0
Aug 16, 2020 02:01:57.136 [0x7f22c523d300] DEBUG - [FFMPEG] - Decoding PPS
Aug 16, 2020 02:01:57.140 [0x7f22c523d300] DEBUG - [FFMPEG] - All info found
Aug 16, 2020 02:01:57.140 [0x7f22c523d300] DEBUG - [FFMPEG] - After avformat_find_stream_info() pos: 18987 bytes read:5351619 seeks:2 frames:5
Aug 16, 2020 02:01:57.140 [0x7f22c523d300] DEBUG - [MI] Opening "/media/tv/online/乐队的夏天.The.Big.Band.2020.S02.2160p.WEB-DL.H265.AAC-FLTTH/乐队的夏天.The.Big.Band.2020.S02E05.2160p.WEB-DL.H265.AAC-FLTTH.mp4" for MP4 atom parsing
Aug 16, 2020 02:01:57.140 [0x7f22c523d300] DEBUG - Mp4AtomParser: Skipping ftyp atom of size 28 at offset 0
Aug 16, 2020 02:01:57.140 [0x7f22c523d300] DEBUG - Mp4AtomParser: Skipping mdat atom of size 10744340758 at offset 28
Aug 16, 2020 02:01:57.140 [0x7f22c523d300] DEBUG - Mp4AtomParser: Found moov atom of size 5286083 at offset 10744340786
Aug 16, 2020 02:01:57.146 [0x7f22c523d300] DEBUG - Mp4AtomParser: Found trak atom of size 2546723 at offset 10744340902
Aug 16, 2020 02:01:57.146 [0x7f22c523d300] DEBUG - Mp4AtomParser: Found trak atom of size 2739146 at offset 10746887625
Aug 16, 2020 02:01:57.146 [0x7f22c523d300] DEBUG - Mp4AtomParser: Found mdia atom of size 2546587 at offset 10744341038
Aug 16, 2020 02:01:57.146 [0x7f22c523d300] DEBUG - Mp4AtomParser: Found minf atom of size 2546502 at offset 10744341123
Aug 16, 2020 02:01:57.146 [0x7f22c523d300] DEBUG - Mp4AtomParser: Found stbl atom of size 2546438 at offset 10744341187
Aug 16, 2020 02:01:57.146 [0x7f22c523d300] DEBUG - Mp4AtomParser: Found co64 atom of size 1016808 at offset 10745870817
Aug 16, 2020 02:01:57.146 [0x7f22c523d300] DEBUG - [MI] File has co64 atom with size 1016808 at offset 10745870817
Aug 16, 2020 02:01:57.147 [0x7f22c523d300] DEBUG - [MI]  * b263673eaa8c371672666036be04410ac04093ae [mp4 hevc/aac] Duration: 5084195ms, 3840x2160 (1.777778) 25.000fps, bitrate=16914kbps, audio channels=2, optimizedForStreaming=0 ("/media/tv/online/乐队的夏天.The.Big.Band.2020.S02.2160p.WEB-DL.H265.AAC-FLTTH/乐队的夏天.The.Big.Band.2020.S02E05.2160p.WEB-DL.H265.AAC-FLTTH.mp4")
Aug 16, 2020 02:01:57.147 [0x7f22c523d300] DEBUG - [MI] Chapters had generic titles, clearing.
Aug 16, 2020 02:01:57.148 [0x7f22c523d300] DEBUG - [MI] Closing input file: "/media/tv/online/乐队的夏天.The.Big.Band.2020.S02.2160p.WEB-DL.H265.AAC-FLTTH/乐队的夏天.The.Big.Band.2020.S02E05.2160p.WEB-DL.H265.AAC-FLTTH.mp4"
Aug 16, 2020 02:01:57.149 [0x7f22c523d300] DEBUG - Committing media stream changes for part 36
Aug 16, 2020 02:01:57.150 [0x7f22c523d300] DEBUG - Updating media item 35, size=10749626869, metadata_item_id=41
Aug 16, 2020 02:01:57.151 [0x7f22c523d300] DEBUG - Updating part with ID=36 [/media/tv/online/乐队的夏天.The.Big.Band.2020.S02.2160p.WEB-DL.H265.AAC-FLTTH/乐队的夏天.The.Big.Band.2020.S02E05.2160p.WEB-DL.H265.AAC-FLTTH.mp4]
Aug 16, 2020 02:01:57.152 [0x7f22b6abe700] DEBUG - HTTP requesting GET http://127.0.0.1:32400/:/metadata/notify/changeItemState?librarySectionID=2&metadataItemID=41&metadataType=4&state=-1&mediaState=analyzing
Aug 16, 2020 02:01:57.153 [0x7f22c523d300] DEBUG - [MI] Opening input file: "/media/tv/online/乐队的夏天.The.Big.Band.2020.S02.2160p.WEB-DL.H265.AAC-FLTTH/乐队的夏天.The.Big.Band.2020.S02E05.2160p.WEB-DL.H265.AAC-FLTTH.mp4"
Aug 16, 2020 02:01:57.153 [0x7f22c523d300] DEBUG - [FFMPEG] - Opening '/media/tv/online/乐队的夏天.The.Big.Band.2020.S02.2160p.WEB-DL.H265.AAC-FLTTH/乐队的夏天.The.Big.Band.2020.S02E05.2160p.WEB-DL.H265.AAC-FLTTH.mp4' for reading
Aug 16, 2020 02:01:57.153 [0x7f22c523d300] DEBUG - [FFMPEG] - Setting default whitelist 'file,crypto'
Aug 16, 2020 02:01:57.153 [0x7f22c523d300] DEBUG - [FFMPEG] - Format mov,mp4,m4a,3gp,3g2,mj2 probed with size=2048 and score=100
Aug 16, 2020 02:01:57.153 [0x7f22c523d300] DEBUG - [FFMPEG] - ISO: File Type Major Brand: isom
Aug 16, 2020 02:01:57.153 [0x7f22c523d300] DEBUG - [FFMPEG] - Unknown dref type 0x206c7275 size 12
Aug 16, 2020 02:01:57.160 [0x7f22b6abe700] DEBUG - HTTP 200 response from GET http://127.0.0.1:32400/:/metadata/notify/changeItemState?librarySectionID=2&metadataItemID=41&metadataType=4&state=-1&mediaState=analyzing
Aug 16, 2020 02:01:57.161 [0x7f22b6abe700] DEBUG - HTTP requesting GET http://127.0.0.1:32400/:/metadata/notify/changeItemState?librarySectionID=2&metadataItemID=41&metadataType=4&state=-1&mediaState=thumbnailing
Aug 16, 2020 02:01:57.162 [0x7f22b6abe700] DEBUG - HTTP 200 response from GET http://127.0.0.1:32400/:/metadata/notify/changeItemState?librarySectionID=2&metadataItemID=41&metadataType=4&state=-1&mediaState=thumbnailing
Aug 16, 2020 02:01:57.169 [0x7f22c523d300] DEBUG - [FFMPEG] - Processing st: 0, edit list 0 - media time: 10800, duration: 457567200
Aug 16, 2020 02:01:57.176 [0x7f22c523d300] DEBUG - [FFMPEG] - Offset DTS by 10800 to make first pts zero.
Aug 16, 2020 02:01:57.176 [0x7f22c523d300] DEBUG - [FFMPEG] - Unknown dref type 0x206c7275 size 12
Aug 16, 2020 02:01:57.190 [0x7f22c523d300] DEBUG - [FFMPEG] - Processing st: 1, edit list 0 - media time: 0, duration: 224213000
Aug 16, 2020 02:01:57.196 [0x7f22c523d300] DEBUG - [FFMPEG] - Before avformat_find_stream_info() pos: 10749626869 bytes read:5318851 seeks:1 nb_streams:2
Aug 16, 2020 02:01:57.196 [0x7f22c523d300] DEBUG - [FFMPEG] - nal_unit_type: 32(VPS), nuh_layer_id: 0, temporal_id: 0
Aug 16, 2020 02:01:57.196 [0x7f22c523d300] DEBUG - [FFMPEG] - Decoding VPS
Aug 16, 2020 02:01:57.196 [0x7f22c523d300] DEBUG - [FFMPEG] - Main profile bitstream
Aug 16, 2020 02:01:57.196 [0x7f22c523d300] DEBUG - [FFMPEG] - nal_unit_type: 33(SPS), nuh_layer_id: 0, temporal_id: 0
Aug 16, 2020 02:01:57.196 [0x7f22c523d300] DEBUG - [FFMPEG] - Decoding SPS
Aug 16, 2020 02:01:57.196 [0x7f22c523d300] DEBUG - [FFMPEG] - Main profile bitstream
Aug 16, 2020 02:01:57.196 [0x7f22c523d300] DEBUG - [FFMPEG] - Decoding VUI
Aug 16, 2020 02:01:57.196 [0x7f22c523d300] DEBUG - [FFMPEG] - nal_unit_type: 34(PPS), nuh_layer_id: 0, temporal_id: 0
Aug 16, 2020 02:01:57.196 [0x7f22c523d300] DEBUG - [FFMPEG] - Decoding PPS
Aug 16, 2020 02:01:57.197 [0x7f22c523d300] DEBUG - [FFMPEG] - All info found
Aug 16, 2020 02:01:57.197 [0x7f22c523d300] DEBUG - [FFMPEG] - After avformat_find_stream_info() pos: 18987 bytes read:5351619 seeks:2 frames:5
Aug 16, 2020 02:01:57.197 [0x7f22c523d300] DEBUG - Creating /config/Library/Application Support/Plex Media Server/Media/localhost/b/263673eaa8c371672666036be04410ac04093ae.bundle/Contents/Thumbnails/thumb1.jpg (50.0%, 720x512).
Aug 16, 2020 02:01:57.197 [0x7f22c523d300] DEBUG - [FFMPEG] - nal_unit_type: 32(VPS), nuh_layer_id: 0, temporal_id: 0
Aug 16, 2020 02:01:57.197 [0x7f22c523d300] DEBUG - [FFMPEG] - Decoding VPS
Aug 16, 2020 02:01:57.197 [0x7f22c523d300] DEBUG - [FFMPEG] - Main profile bitstream
Aug 16, 2020 02:01:57.197 [0x7f22c523d300] DEBUG - [FFMPEG] - nal_unit_type: 33(SPS), nuh_layer_id: 0, temporal_id: 0
Aug 16, 2020 02:01:57.197 [0x7f22c523d300] DEBUG - [FFMPEG] - Decoding SPS
Aug 16, 2020 02:01:57.197 [0x7f22c523d300] DEBUG - [FFMPEG] - Main profile bitstream
Aug 16, 2020 02:01:57.197 [0x7f22c523d300] DEBUG - [FFMPEG] - Decoding VUI
Aug 16, 2020 02:01:57.197 [0x7f22c523d300] DEBUG - [FFMPEG] - nal_unit_type: 34(PPS), nuh_layer_id: 0, temporal_id: 0
Aug 16, 2020 02:01:57.197 [0x7f22c523d300] DEBUG - [FFMPEG] - Decoding PPS
Aug 16, 2020 02:01:57.199 [0x7f22c523d300] DEBUG - [FFMPEG] - nal_unit_type: 32(VPS), nuh_layer_id: 0, temporal_id: 0
Aug 16, 2020 02:01:57.199 [0x7f22c523d300] DEBUG - [FFMPEG] - nal_unit_type: 33(SPS), nuh_layer_id: 0, temporal_id: 0
Aug 16, 2020 02:01:57.199 [0x7f22c523d300] DEBUG - [FFMPEG] - nal_unit_type: 34(PPS), nuh_layer_id: 0, temporal_id: 0
Aug 16, 2020 02:01:57.199 [0x7f22c523d300] DEBUG - [FFMPEG] - nal_unit_type: 21(CRA_NUT), nuh_layer_id: 0, temporal_id: 0
Aug 16, 2020 02:01:57.199 [0x7f22c523d300] DEBUG - [FFMPEG] - Decoding VPS
Aug 16, 2020 02:01:57.199 [0x7f22c523d300] DEBUG - [FFMPEG] - Main profile bitstream
Aug 16, 2020 02:01:57.199 [0x7f22c523d300] DEBUG - [FFMPEG] - Decoding SPS
Aug 16, 2020 02:01:57.199 [0x7f22c523d300] DEBUG - [FFMPEG] - Main profile bitstream
Aug 16, 2020 02:01:57.199 [0x7f22c523d300] DEBUG - [FFMPEG] - Decoding VUI
Aug 16, 2020 02:01:57.199 [0x7f22c523d300] DEBUG - [FFMPEG] - Decoding PPS
Aug 16, 2020 02:01:57.201 [0x7f22c523d300] DEBUG - [FFMPEG] - Format yuv420p chosen by get_format().
Aug 16, 2020 02:01:57.386 [0x7f22c523d300] DEBUG - [FFMPEG] - Decoded frame with POC -11.
Aug 16, 2020 02:01:57.388 [0x7f22c523d300] DEBUG - [FFMPEG] - nal_unit_type: 1(TRAIL_R), nuh_layer_id: 0, temporal_id: 0
Aug 16, 2020 02:01:57.498 [0x7f22c523d300] DEBUG - [FFMPEG] - Decoded frame with POC -3.
Aug 16, 2020 02:01:57.498 [0x7f22c523d300] DEBUG - [FFMPEG] - nal_unit_type: 1(TRAIL_R), nuh_layer_id: 0, temporal_id: 0
Aug 16, 2020 02:01:57.570 [0x7f22c523d300] DEBUG - [FFMPEG] - Decoded frame with POC -7.
Aug 16, 2020 02:01:57.571 [0x7f22c523d300] DEBUG - [FFMPEG] - nal_unit_type: 1(TRAIL_R), nuh_layer_id: 0, temporal_id: 0
Aug 16, 2020 02:01:57.571 [0x7f22c523d300] DEBUG - [FFMPEG] - Output frame with POC -11.
Aug 16, 2020 02:01:57.634 [0x7f22c523d300] DEBUG - [FFMPEG] - Decoded frame with POC -9.
Aug 16, 2020 02:01:57.865 [0x7f22c523d300] DEBUG - Loaded memory image of size 3840x2160.
Aug 16, 2020 02:01:57.955 [0x7f22c523d300] DEBUG - [FFMPEG] - nal_unit_type: 32(VPS), nuh_layer_id: 0, temporal_id: 0
Aug 16, 2020 02:01:57.955 [0x7f22c523d300] DEBUG - [FFMPEG] - Decoding VPS
Aug 16, 2020 02:01:57.955 [0x7f22c523d300] DEBUG - [FFMPEG] - Main profile bitstream
Aug 16, 2020 02:01:57.955 [0x7f22c523d300] DEBUG - [FFMPEG] - nal_unit_type: 33(SPS), nuh_layer_id: 0, temporal_id: 0
Aug 16, 2020 02:01:57.955 [0x7f22c523d300] DEBUG - [FFMPEG] - Decoding SPS
Aug 16, 2020 02:01:57.955 [0x7f22c523d300] DEBUG - [FFMPEG] - Main profile bitstream
Aug 16, 2020 02:01:57.955 [0x7f22c523d300] DEBUG - [FFMPEG] - Decoding VUI
Aug 16, 2020 02:01:57.955 [0x7f22c523d300] DEBUG - [FFMPEG] - nal_unit_type: 34(PPS), nuh_layer_id: 0, temporal_id: 0
Aug 16, 2020 02:01:57.955 [0x7f22c523d300] DEBUG - [FFMPEG] - Decoding PPS
Aug 16, 2020 02:01:57.957 [0x7f22c523d300] DEBUG - [FFMPEG] - nal_unit_type: 32(VPS), nuh_layer_id: 0, temporal_id: 0
Aug 16, 2020 02:01:57.957 [0x7f22c523d300] DEBUG - [FFMPEG] - nal_unit_type: 33(SPS), nuh_layer_id: 0, temporal_id: 0
Aug 16, 2020 02:01:57.957 [0x7f22c523d300] DEBUG - [FFMPEG] - nal_unit_type: 34(PPS), nuh_layer_id: 0, temporal_id: 0
Aug 16, 2020 02:01:57.958 [0x7f22c523d300] DEBUG - [FFMPEG] - nal_unit_type: 20(IDR_N_LP), nuh_layer_id: 0, temporal_id: 0
Aug 16, 2020 02:01:57.958 [0x7f22c523d300] DEBUG - [FFMPEG] - Decoding VPS
Aug 16, 2020 02:01:57.958 [0x7f22c523d300] DEBUG - [FFMPEG] - Main profile bitstream
Aug 16, 2020 02:01:57.958 [0x7f22c523d300] DEBUG - [FFMPEG] - Decoding SPS
Aug 16, 2020 02:01:57.958 [0x7f22c523d300] DEBUG - [FFMPEG] - Main profile bitstream
Aug 16, 2020 02:01:57.958 [0x7f22c523d300] DEBUG - [FFMPEG] - Decoding VUI
Aug 16, 2020 02:01:57.958 [0x7f22c523d300] DEBUG - [FFMPEG] - Decoding PPS
Aug 16, 2020 02:01:57.958 [0x7f22c523d300] DEBUG - [FFMPEG] - Format yuv420p chosen by get_format().
Aug 16, 2020 02:01:58.013 [0x7f22c523d300] DEBUG - [FFMPEG] - Decoded frame with POC 0.
Aug 16, 2020 02:01:58.014 [0x7f22c523d300] DEBUG - [FFMPEG] - nal_unit_type: 1(TRAIL_R), nuh_layer_id: 0, temporal_id: 0
Aug 16, 2020 02:01:58.081 [0x7f22c523d300] DEBUG - [FFMPEG] - Decoded frame with POC 8.
Aug 16, 2020 02:01:58.082 [0x7f22c523d300] DEBUG - [FFMPEG] - nal_unit_type: 1(TRAIL_R), nuh_layer_id: 0, temporal_id: 0
Aug 16, 2020 02:01:58.141 [0x7f22c523d300] DEBUG - [FFMPEG] - Decoded frame with POC 4.
Aug 16, 2020 02:01:58.141 [0x7f22c523d300] DEBUG - [FFMPEG] - nal_unit_type: 1(TRAIL_R), nuh_layer_id: 0, temporal_id: 0
Aug 16, 2020 02:01:58.151 [0x7f22c523d300] DEBUG - [FFMPEG] - Output frame with POC 0.
Aug 16, 2020 02:01:58.199 [0x7f22c523d300] DEBUG - [FFMPEG] - Decoded frame with POC 2.
Aug 16, 2020 02:01:58.417 [0x7f22c523d300] DEBUG - Loaded memory image of size 3840x2160.
Aug 16, 2020 02:01:58.489 [0x7f22c523d300] DEBUG - [FFMPEG] - nal_unit_type: 32(VPS), nuh_layer_id: 0, temporal_id: 0
Aug 16, 2020 02:01:58.489 [0x7f22c523d300] DEBUG - [FFMPEG] - Decoding VPS
Aug 16, 2020 02:01:58.489 [0x7f22c523d300] DEBUG - [FFMPEG] - Main profile bitstream
Aug 16, 2020 02:01:58.489 [0x7f22c523d300] DEBUG - [FFMPEG] - nal_unit_type: 33(SPS), nuh_layer_id: 0, temporal_id: 0
Aug 16, 2020 02:01:58.489 [0x7f22c523d300] DEBUG - [FFMPEG] - Decoding SPS
Aug 16, 2020 02:01:58.489 [0x7f22c523d300] DEBUG - [FFMPEG] - Main profile bitstream
Aug 16, 2020 02:01:58.489 [0x7f22c523d300] DEBUG - [FFMPEG] - Decoding VUI
Aug 16, 2020 02:01:58.489 [0x7f22c523d300] DEBUG - [FFMPEG] - nal_unit_type: 34(PPS), nuh_layer_id: 0, temporal_id: 0
Aug 16, 2020 02:01:58.489 [0x7f22c523d300] DEBUG - [FFMPEG] - Decoding PPS
Aug 16, 2020 02:01:58.491 [0x7f22c523d300] DEBUG - [FFMPEG] - nal_unit_type: 32(VPS), nuh_layer_id: 0, temporal_id: 0
Aug 16, 2020 02:01:58.491 [0x7f22c523d300] DEBUG - [FFMPEG] - nal_unit_type: 33(SPS), nuh_layer_id: 0, temporal_id: 0
Aug 16, 2020 02:01:58.491 [0x7f22c523d300] DEBUG - [FFMPEG] - nal_unit_type: 34(PPS), nuh_layer_id: 0, temporal_id: 0
Aug 16, 2020 02:01:58.491 [0x7f22c523d300] DEBUG - [FFMPEG] - nal_unit_type: 21(CRA_NUT), nuh_layer_id: 0, temporal_id: 0
Aug 16, 2020 02:01:58.491 [0x7f22c523d300] DEBUG - [FFMPEG] - Decoding VPS
Aug 16, 2020 02:01:58.492 [0x7f22c523d300] DEBUG - [FFMPEG] - Main profile bitstream
Aug 16, 2020 02:01:58.492 [0x7f22c523d300] DEBUG - [FFMPEG] - Decoding SPS
Aug 16, 2020 02:01:58.492 [0x7f22c523d300] DEBUG - [FFMPEG] - Main profile bitstream
Aug 16, 2020 02:01:58.492 [0x7f22c523d300] DEBUG - [FFMPEG] - Decoding VUI
Aug 16, 2020 02:01:58.492 [0x7f22c523d300] DEBUG - [FFMPEG] - Decoding PPS
Aug 16, 2020 02:01:58.492 [0x7f22c523d300] DEBUG - [FFMPEG] - Format yuv420p chosen by get_format().
Aug 16, 2020 02:01:58.597 [0x7f22c523d300] DEBUG - [FFMPEG] - Decoded frame with POC -58.
Aug 16, 2020 02:01:58.598 [0x7f22c523d300] DEBUG - [FFMPEG] - nal_unit_type: 9(RASL_R), nuh_layer_id: 0, temporal_id: 0
Aug 16, 2020 02:01:58.598 [0x7f22c523d300] DEBUG - [FFMPEG] - nal_unit_type: 9(RASL_R), nuh_layer_id: 0, temporal_id: 0
Aug 16, 2020 02:01:58.598 [0x7f22c523d300] DEBUG - [FFMPEG] - nal_unit_type: 8(RASL_N), nuh_layer_id: 0, temporal_id: 0
Aug 16, 2020 02:01:58.598 [0x7f22c523d300] DEBUG - [FFMPEG] - nal_unit_type: 8(RASL_N), nuh_layer_id: 0, temporal_id: 0
Aug 16, 2020 02:01:58.599 [0x7f22c523d300] DEBUG - [FFMPEG] - nal_unit_type: 9(RASL_R), nuh_layer_id: 0, temporal_id: 0
Aug 16, 2020 02:01:58.599 [0x7f22c523d300] DEBUG - [FFMPEG] - nal_unit_type: 8(RASL_N), nuh_layer_id: 0, temporal_id: 0
Aug 16, 2020 02:01:58.599 [0x7f22c523d300] DEBUG - [FFMPEG] - nal_unit_type: 8(RASL_N), nuh_layer_id: 0, temporal_id: 0
Aug 16, 2020 02:01:58.599 [0x7f22c523d300] DEBUG - [FFMPEG] - nal_unit_type: 1(TRAIL_R), nuh_layer_id: 0, temporal_id: 0
Aug 16, 2020 02:01:58.680 [0x7f22c523d300] DEBUG - [FFMPEG] - Decoded frame with POC -50.
Aug 16, 2020 02:01:58.680 [0x7f22c523d300] DEBUG - [FFMPEG] - nal_unit_type: 1(TRAIL_R), nuh_layer_id: 0, temporal_id: 0
Aug 16, 2020 02:01:58.744 [0x7f22c523d300] DEBUG - [FFMPEG] - Decoded frame with POC -54.
Aug 16, 2020 02:01:58.744 [0x7f22c523d300] DEBUG - [FFMPEG] - nal_unit_type: 1(TRAIL_R), nuh_layer_id: 0, temporal_id: 0
Aug 16, 2020 02:01:58.744 [0x7f22c523d300] DEBUG - [FFMPEG] - Output frame with POC -58.
Aug 16, 2020 02:01:58.801 [0x7f22c523d300] DEBUG - [FFMPEG] - Decoded frame with POC -56.
Aug 16, 2020 02:01:59.016 [0x7f22c523d300] DEBUG - Loaded memory image of size 3840x2160.
Aug 16, 2020 02:01:59.093 [0x7f22c523d300] DEBUG - [MI] Closing input file: "/media/tv/online/乐队的夏天.The.Big.Band.2020.S02.2160p.WEB-DL.H265.AAC-FLTTH/乐队的夏天.The.Big.Band.2020.S02E05.2160p.WEB-DL.H265.AAC-FLTTH.mp4"
Aug 16, 2020 02:01:59.095 [0x7f22c523d300] DEBUG - Downloading document http://127.0.0.1:32400/library/changestamp
Aug 16, 2020 02:01:59.095 [0x7f22c523d300] DEBUG - HTTP requesting GET http://127.0.0.1:32400/library/changestamp
Aug 16, 2020 02:01:59.099 [0x7f22c523d300] DEBUG - HTTP 200 response from GET http://127.0.0.1:32400/library/changestamp
Aug 16, 2020 02:01:59.099 [0x7f22c523d300] DEBUG - Updating metadata item (save) () with ID 41
Aug 16, 2020 02:01:59.102 [0x7f22b6abe700] DEBUG - HTTP requesting GET http://127.0.0.1:32400/:/metadata/flushMetadataCounterCache
Aug 16, 2020 02:01:59.103 [0x7f22b6abe700] DEBUG - HTTP 200 response from GET http://127.0.0.1:32400/:/metadata/flushMetadataCounterCache
Aug 16, 2020 02:01:59.104 [0x7f22b6abe700] DEBUG - HTTP requesting GET http://127.0.0.1:32400/:/metadata/notify/changeItemState?librarySectionID=2&metadataItemID=41&metadataType=4&state=-1&mediaState=idle
Aug 16, 2020 02:01:59.106 [0x7f22c523d300] DEBUG - Downloading document http://127.0.0.1:32400/library/changestamp
Aug 16, 2020 02:01:59.107 [0x7f22c523d300] DEBUG - HTTP requesting GET http://127.0.0.1:32400/library/changestamp
Aug 16, 2020 02:01:59.108 [0x7f22b6abe700] DEBUG - HTTP 200 response from GET http://127.0.0.1:32400/:/metadata/notify/changeItemState?librarySectionID=2&metadataItemID=41&metadataType=4&state=-1&mediaState=idle
Aug 16, 2020 02:01:59.109 [0x7f22c523d300] DEBUG - HTTP 200 response from GET http://127.0.0.1:32400/library/changestamp
Aug 16, 2020 02:01:59.109 [0x7f22c523d300] DEBUG - Updating metadata item (save) () with ID 41
Aug 16, 2020 02:01:59.112 [0x7f22b6abe700] DEBUG - HTTP requesting GET http://127.0.0.1:32400/:/metadata/flushMetadataCounterCache
Aug 16, 2020 02:01:59.112 [0x7f22b6abe700] DEBUG - HTTP 200 response from GET http://127.0.0.1:32400/:/metadata/flushMetadataCounterCache
Aug 16, 2020 02:01:59.114 [0x7f22c523d300] DEBUG - Analyzing media parts for item 42 (Episode 6): 36
Aug 16, 2020 02:01:59.114 [0x7f22c523d300] DEBUG - [ID 37] Media part analysis: /media/tv/online/乐队的夏天.The.Big.Band.2020.S02.2160p.WEB-DL.H265.AAC-FLTTH/乐队的夏天.The.Big.Band.2020.S02E06.2160p.WEB-DL.H265.AAC-FLTTH.mp4
Aug 16, 2020 02:01:59.114 [0x7f22c523d300] DEBUG - [MI] Opening input file: "/media/tv/online/乐队的夏天.The.Big.Band.2020.S02.2160p.WEB-DL.H265.AAC-FLTTH/乐队的夏天.The.Big.Band.2020.S02E06.2160p.WEB-DL.H265.AAC-FLTTH.mp4"
Aug 16, 2020 02:01:59.114 [0x7f22c523d300] DEBUG - [FFMPEG] - Opening '/media/tv/online/乐队的夏天.The.Big.Band.2020.S02.2160p.WEB-DL.H265.AAC-FLTTH/乐队的夏天.The.Big.Band.2020.S02E06.2160p.WEB-DL.H265.AAC-FLTTH.mp4' for reading
Aug 16, 2020 02:01:59.114 [0x7f22c523d300] DEBUG - [FFMPEG] - Setting default whitelist 'file,crypto'
Aug 16, 2020 02:01:59.115 [0x7f22c523d300] DEBUG - [FFMPEG] - Format mov,mp4,m4a,3gp,3g2,mj2 probed with size=2048 and score=100
Aug 16, 2020 02:01:59.115 [0x7f22c523d300] DEBUG - [FFMPEG] - ISO: File Type Major Brand: isom
Aug 16, 2020 02:01:59.116 [0x7f22c523d300] DEBUG - [FFMPEG] - Unknown dref type 0x206c7275 size 12
Aug 16, 2020 02:01:59.131 [0x7f22c523d300] DEBUG - [FFMPEG] - Processing st: 0, edit list 0 - media time: 10800, duration: 490806000
Aug 16, 2020 02:01:59.136 [0x7f22c523d300] DEBUG - [FFMPEG] - Offset DTS by 10800 to make first pts zero.
Aug 16, 2020 02:01:59.137 [0x7f22c523d300] DEBUG - [FFMPEG] - Unknown dref type 0x206c7275 size 12
Aug 16, 2020 02:01:59.153 [0x7f22c523d300] DEBUG - [FFMPEG] - Processing st: 1, edit list 0 - media time: 0, duration: 240499747
Aug 16, 2020 02:01:59.158 [0x7f22c523d300] DEBUG - [FFMPEG] - Before avformat_find_stream_info() pos: 11456689783 bytes read:5702319 seeks:1 nb_streams:2
Aug 16, 2020 02:01:59.158 [0x7f22c523d300] DEBUG - [FFMPEG] - nal_unit_type: 32(VPS), nuh_layer_id: 0, temporal_id: 0
Aug 16, 2020 02:01:59.158 [0x7f22c523d300] DEBUG - [FFMPEG] - Decoding VPS
Aug 16, 2020 02:01:59.158 [0x7f22c523d300] DEBUG - [FFMPEG] - Main profile bitstream
Aug 16, 2020 02:01:59.158 [0x7f22c523d300] DEBUG - [FFMPEG] - nal_unit_type: 33(SPS), nuh_layer_id: 0, temporal_id: 0
Aug 16, 2020 02:01:59.158 [0x7f22c523d300] DEBUG - [FFMPEG] - Decoding SPS
Aug 16, 2020 02:01:59.158 [0x7f22c523d300] DEBUG - [FFMPEG] - Main profile bitstream
Aug 16, 2020 02:01:59.158 [0x7f22c523d300] DEBUG - [FFMPEG] - Decoding VUI
Aug 16, 2020 02:01:59.158 [0x7f22c523d300] DEBUG - [FFMPEG] - nal_unit_type: 34(PPS), nuh_layer_id: 0, temporal_id: 0
Aug 16, 2020 02:01:59.158 [0x7f22c523d300] DEBUG - [FFMPEG] - Decoding PPS
Aug 16, 2020 02:01:59.160 [0x7f22c523d300] DEBUG - [FFMPEG] - All info found
Aug 16, 2020 02:01:59.160 [0x7f22c523d300] DEBUG - [FFMPEG] - After avformat_find_stream_info() pos: 19436 bytes read:5735087 seeks:2 frames:5
Aug 16, 2020 02:01:59.160 [0x7f22c523d300] DEBUG - [MI] Opening "/media/tv/online/乐队的夏天.The.Big.Band.2020.S02.2160p.WEB-DL.H265.AAC-FLTTH/乐队的夏天.The.Big.Band.2020.S02E06.2160p.WEB-DL.H265.AAC-FLTTH.mp4" for MP4 atom parsing
Aug 16, 2020 02:01:59.160 [0x7f22c523d300] DEBUG - Mp4AtomParser: Skipping ftyp atom of size 28 at offset 0
Aug 16, 2020 02:01:59.160 [0x7f22c523d300] DEBUG - Mp4AtomParser: Skipping mdat atom of size 11451020204 at offset 28
Aug 16, 2020 02:01:59.160 [0x7f22c523d300] DEBUG - Mp4AtomParser: Found moov atom of size 5669551 at offset 11451020232
Aug 16, 2020 02:01:59.162 [0x7f22c523d300] DEBUG - Mp4AtomParser: Found trak atom of size 2731243 at offset 11451020348
Aug 16, 2020 02:01:59.162 [0x7f22c523d300] DEBUG - Mp4AtomParser: Found trak atom of size 2938094 at offset 11453751591
Aug 16, 2020 02:01:59.162 [0x7f22c523d300] DEBUG - Mp4AtomParser: Found mdia atom of size 2731107 at offset 11451020484
Aug 16, 2020 02:01:59.162 [0x7f22c523d300] DEBUG - Mp4AtomParser: Found minf atom of size 2731022 at offset 11451020569
Aug 16, 2020 02:01:59.162 [0x7f22c523d300] DEBUG - Mp4AtomParser: Found stbl atom of size 2730958 at offset 11451020633
Aug 16, 2020 02:01:59.162 [0x7f22c523d300] DEBUG - Mp4AtomParser: Found co64 atom of size 1090672 at offset 11452660919
Aug 16, 2020 02:01:59.162 [0x7f22c523d300] DEBUG - [MI] File has co64 atom with size 1090672 at offset 11452660919
Aug 16, 2020 02:01:59.162 [0x7f22c523d300] DEBUG - [MI]  * 967bcd22f448b0c69beaca5f247ae3ba068a5662 [mp4 hevc/aac] Duration: 5453509ms, 3840x2160 (1.777778) 25.000fps, bitrate=16806kbps, audio channels=2, optimizedForStreaming=0 ("/media/tv/online/乐队的夏天.The.Big.Band.2020.S02.2160p.WEB-DL.H265.AAC-FLTTH/乐队的夏天.The.Big.Band.2020.S02E06.2160p.WEB-DL.H265.AAC-FLTTH.mp4")
Aug 16, 2020 02:01:59.162 [0x7f22c523d300] DEBUG - [MI] Chapters had generic titles, clearing.
Aug 16, 2020 02:01:59.163 [0x7f22c523d300] DEBUG - [MI] Closing input file: "/media/tv/online/乐队的夏天.The.Big.Band.2020.S02.2160p.WEB-DL.H265.AAC-FLTTH/乐队的夏天.The.Big.Band.2020.S02E06.2160p.WEB-DL.H265.AAC-FLTTH.mp4"
Aug 16, 2020 02:01:59.163 [0x7f22c523d300] DEBUG - Committing media stream changes for part 37
Aug 16, 2020 02:01:59.164 [0x7f22c523d300] DEBUG - Updating media item 36, size=11456689783, metadata_item_id=42
Aug 16, 2020 02:01:59.164 [0x7f22c523d300] DEBUG - Updating part with ID=37 [/media/tv/online/乐队的夏天.The.Big.Band.2020.S02.2160p.WEB-DL.H265.AAC-FLTTH/乐队的夏天.The.Big.Band.2020.S02E06.2160p.WEB-DL.H265.AAC-FLTTH.mp4]
Aug 16, 2020 02:01:59.165 [0x7f22b6abe700] DEBUG - HTTP requesting GET http://127.0.0.1:32400/:/metadata/notify/changeItemState?librarySectionID=2&metadataItemID=42&metadataType=4&state=-1&mediaState=analyzing
Aug 16, 2020 02:01:59.167 [0x7f22b6abe700] DEBUG - HTTP 200 response from GET http://127.0.0.1:32400/:/metadata/notify/changeItemState?librarySectionID=2&metadataItemID=42&metadataType=4&state=-1&mediaState=analyzing
Aug 16, 2020 02:01:59.167 [0x7f22b6abe700] DEBUG - HTTP requesting GET http://127.0.0.1:32400/:/metadata/notify/changeItemState?librarySectionID=2&metadataItemID=42&metadataType=4&state=-1&mediaState=thumbnailing
Aug 16, 2020 02:01:59.168 [0x7f22b6abe700] DEBUG - HTTP 200 response from GET http://127.0.0.1:32400/:/metadata/notify/changeItemState?librarySectionID=2&metadataItemID=42&metadataType=4&state=-1&mediaState=thumbnailing
Aug 16, 2020 02:01:59.171 [0x7f22c523d300] DEBUG - [MI] Opening input file: "/media/tv/online/乐队的夏天.The.Big.Band.2020.S02.2160p.WEB-DL.H265.AAC-FLTTH/乐队的夏天.The.Big.Band.2020.S02E06.2160p.WEB-DL.H265.AAC-FLTTH.mp4"
Aug 16, 2020 02:01:59.171 [0x7f22c523d300] DEBUG - [FFMPEG] - Opening '/media/tv/online/乐队的夏天.The.Big.Band.2020.S02.2160p.WEB-DL.H265.AAC-FLTTH/乐队的夏天.The.Big.Band.2020.S02E06.2160p.WEB-DL.H265.AAC-FLTTH.mp4' for reading
Aug 16, 2020 02:01:59.171 [0x7f22c523d300] DEBUG - [FFMPEG] - Setting default whitelist 'file,crypto'
Aug 16, 2020 02:01:59.172 [0x7f22c523d300] DEBUG - [FFMPEG] - Format mov,mp4,m4a,3gp,3g2,mj2 probed with size=2048 and score=100
Aug 16, 2020 02:01:59.172 [0x7f22c523d300] DEBUG - [FFMPEG] - ISO: File Type Major Brand: isom
Aug 16, 2020 02:01:59.172 [0x7f22c523d300] DEBUG - [FFMPEG] - Unknown dref type 0x206c7275 size 12
Aug 16, 2020 02:01:59.184 [0x7f22c523d300] DEBUG - [FFMPEG] - Processing st: 0, edit list 0 - media time: 10800, duration: 490806000
Aug 16, 2020 02:01:59.189 [0x7f22c523d300] DEBUG - [FFMPEG] - Offset DTS by 10800 to make first pts zero.
Aug 16, 2020 02:01:59.189 [0x7f22c523d300] DEBUG - [FFMPEG] - Unknown dref type 0x206c7275 size 12
Aug 16, 2020 02:01:59.201 [0x7f22c523d300] DEBUG - [FFMPEG] - Processing st: 1, edit list 0 - media time: 0, duration: 240499747
Aug 16, 2020 02:01:59.205 [0x7f22c523d300] DEBUG - [FFMPEG] - Before avformat_find_stream_info() pos: 11456689783 bytes read:5702319 seeks:1 nb_streams:2
Aug 16, 2020 02:01:59.205 [0x7f22c523d300] DEBUG - [FFMPEG] - nal_unit_type: 32(VPS), nuh_layer_id: 0, temporal_id: 0
Aug 16, 2020 02:01:59.205 [0x7f22c523d300] DEBUG - [FFMPEG] - Decoding VPS
Aug 16, 2020 02:01:59.205 [0x7f22c523d300] DEBUG - [FFMPEG] - Main profile bitstream
Aug 16, 2020 02:01:59.205 [0x7f22c523d300] DEBUG - [FFMPEG] - nal_unit_type: 33(SPS), nuh_layer_id: 0, temporal_id: 0
Aug 16, 2020 02:01:59.205 [0x7f22c523d300] DEBUG - [FFMPEG] - Decoding SPS
Aug 16, 2020 02:01:59.205 [0x7f22c523d300] DEBUG - [FFMPEG] - Main profile bitstream
Aug 16, 2020 02:01:59.205 [0x7f22c523d300] DEBUG - [FFMPEG] - Decoding VUI
Aug 16, 2020 02:01:59.205 [0x7f22c523d300] DEBUG - [FFMPEG] - nal_unit_type: 34(PPS), nuh_layer_id: 0, temporal_id: 0
Aug 16, 2020 02:01:59.205 [0x7f22c523d300] DEBUG - [FFMPEG] - Decoding PPS
Aug 16, 2020 02:01:59.206 [0x7f22c523d300] DEBUG - [FFMPEG] - All info found
Aug 16, 2020 02:01:59.206 [0x7f22c523d300] DEBUG - [FFMPEG] - After avformat_find_stream_info() pos: 19436 bytes read:5735087 seeks:2 frames:5
Aug 16, 2020 02:01:59.206 [0x7f22c523d300] DEBUG - Creating /config/Library/Application Support/Plex Media Server/Media/localhost/9/67bcd22f448b0c69beaca5f247ae3ba068a5662.bundle/Contents/Thumbnails/thumb1.jpg (50.0%, 720x512).
Aug 16, 2020 02:01:59.206 [0x7f22c523d300] DEBUG - [FFMPEG] - nal_unit_type: 32(VPS), nuh_layer_id: 0, temporal_id: 0
Aug 16, 2020 02:01:59.206 [0x7f22c523d300] DEBUG - [FFMPEG] - Decoding VPS
Aug 16, 2020 02:01:59.206 [0x7f22c523d300] DEBUG - [FFMPEG] - Main profile bitstream
Aug 16, 2020 02:01:59.206 [0x7f22c523d300] DEBUG - [FFMPEG] - nal_unit_type: 33(SPS), nuh_layer_id: 0, temporal_id: 0
Aug 16, 2020 02:01:59.206 [0x7f22c523d300] DEBUG - [FFMPEG] - Decoding SPS
Aug 16, 2020 02:01:59.206 [0x7f22c523d300] DEBUG - [FFMPEG] - Main profile bitstream
Aug 16, 2020 02:01:59.206 [0x7f22c523d300] DEBUG - [FFMPEG] - Decoding VUI
Aug 16, 2020 02:01:59.206 [0x7f22c523d300] DEBUG - [FFMPEG] - nal_unit_type: 34(PPS), nuh_layer_id: 0, temporal_id: 0
Aug 16, 2020 02:01:59.206 [0x7f22c523d300] DEBUG - [FFMPEG] - Decoding PPS
Aug 16, 2020 02:01:59.208 [0x7f22c523d300] DEBUG - [FFMPEG] - nal_unit_type: 32(VPS), nuh_layer_id: 0, temporal_id: 0
Aug 16, 2020 02:01:59.208 [0x7f22c523d300] DEBUG - [FFMPEG] - nal_unit_type: 33(SPS), nuh_layer_id: 0, temporal_id: 0
Aug 16, 2020 02:01:59.208 [0x7f22c523d300] DEBUG - [FFMPEG] - nal_unit_type: 34(PPS), nuh_layer_id: 0, temporal_id: 0
Aug 16, 2020 02:01:59.208 [0x7f22c523d300] DEBUG - [FFMPEG] - nal_unit_type: 21(CRA_NUT), nuh_layer_id: 0, temporal_id: 0
Aug 16, 2020 02:01:59.208 [0x7f22c523d300] DEBUG - [FFMPEG] - Decoding VPS
Aug 16, 2020 02:01:59.208 [0x7f22c523d300] DEBUG - [FFMPEG] - Main profile bitstream
Aug 16, 2020 02:01:59.208 [0x7f22c523d300] DEBUG - [FFMPEG] - Decoding SPS
Aug 16, 2020 02:01:59.208 [0x7f22c523d300] DEBUG - [FFMPEG] - Main profile bitstream
Aug 16, 2020 02:01:59.208 [0x7f22c523d300] DEBUG - [FFMPEG] - Decoding VUI
Aug 16, 2020 02:01:59.208 [0x7f22c523d300] DEBUG - [FFMPEG] - Decoding PPS
Aug 16, 2020 02:01:59.208 [0x7f22c523d300] DEBUG - [FFMPEG] - Format yuv420p chosen by get_format().
Aug 16, 2020 02:01:59.393 [0x7f22c523d300] DEBUG - [FFMPEG] - Decoded frame with POC -60.
Aug 16, 2020 02:01:59.394 [0x7f22c523d300] DEBUG - [FFMPEG] - nal_unit_type: 1(TRAIL_R), nuh_layer_id: 0, temporal_id: 0
Aug 16, 2020 02:01:59.491 [0x7f22c523d300] DEBUG - [FFMPEG] - Decoded frame with POC -52.
Aug 16, 2020 02:01:59.492 [0x7f22c523d300] DEBUG - [FFMPEG] - nal_unit_type: 1(TRAIL_R), nuh_layer_id: 0, temporal_id: 0
Aug 16, 2020 02:01:59.565 [0x7f22c523d300] DEBUG - [FFMPEG] - Decoded frame with POC -56.
Aug 16, 2020 02:01:59.565 [0x7f22c523d300] DEBUG - [FFMPEG] - nal_unit_type: 1(TRAIL_R), nuh_layer_id: 0, temporal_id: 0
Aug 16, 2020 02:01:59.565 [0x7f22c523d300] DEBUG - [FFMPEG] - Output frame with POC -60.
Aug 16, 2020 02:01:59.629 [0x7f22c523d300] DEBUG - [FFMPEG] - Decoded frame with POC -58.
Aug 16, 2020 02:01:59.873 [0x7f22c523d300] DEBUG - Loaded memory image of size 3840x2160.
Aug 16, 2020 02:01:59.956 [0x7f22c523d300] DEBUG - [MI] Closing input file: "/media/tv/online/乐队的夏天.The.Big.Band.2020.S02.2160p.WEB-DL.H265.AAC-FLTTH/乐队的夏天.The.Big.Band.2020.S02E06.2160p.WEB-DL.H265.AAC-FLTTH.mp4"
Aug 16, 2020 02:01:59.958 [0x7f22c523d300] DEBUG - Downloading document http://127.0.0.1:32400/library/changestamp
Aug 16, 2020 02:01:59.959 [0x7f22c523d300] DEBUG - HTTP requesting GET http://127.0.0.1:32400/library/changestamp
Aug 16, 2020 02:01:59.960 [0x7f22c523d300] DEBUG - HTTP 200 response from GET http://127.0.0.1:32400/library/changestamp
Aug 16, 2020 02:01:59.960 [0x7f22c523d300] DEBUG - Updating metadata item (save) () with ID 42
Aug 16, 2020 02:01:59.961 [0x7f22b6abe700] DEBUG - HTTP requesting GET http://127.0.0.1:32400/:/metadata/flushMetadataCounterCache
Aug 16, 2020 02:01:59.962 [0x7f22b6abe700] DEBUG - HTTP 200 response from GET http://127.0.0.1:32400/:/metadata/flushMetadataCounterCache
Aug 16, 2020 02:01:59.963 [0x7f22b6abe700] DEBUG - HTTP requesting GET http://127.0.0.1:32400/:/metadata/notify/changeItemState?librarySectionID=2&metadataItemID=42&metadataType=4&state=-1&mediaState=idle
Aug 16, 2020 02:01:59.964 [0x7f22b6abe700] DEBUG - HTTP 200 response from GET http://127.0.0.1:32400/:/metadata/notify/changeItemState?librarySectionID=2&metadataItemID=42&metadataType=4&state=-1&mediaState=idle
Aug 16, 2020 02:01:59.968 [0x7f22c523d300] DEBUG - Downloading document http://127.0.0.1:32400/library/changestamp
Aug 16, 2020 02:01:59.968 [0x7f22c523d300] DEBUG - HTTP requesting GET http://127.0.0.1:32400/library/changestamp
Aug 16, 2020 02:01:59.969 [0x7f22c523d300] DEBUG - HTTP 200 response from GET http://127.0.0.1:32400/library/changestamp
Aug 16, 2020 02:01:59.969 [0x7f22c523d300] DEBUG - Updating metadata item (save) () with ID 42
Aug 16, 2020 02:01:59.971 [0x7f22b6abe700] DEBUG - HTTP requesting GET http://127.0.0.1:32400/:/metadata/flushMetadataCounterCache
Aug 16, 2020 02:01:59.972 [0x7f22b6abe700] DEBUG - HTTP 200 response from GET http://127.0.0.1:32400/:/metadata/flushMetadataCounterCache
